[2026-01-06 22:57:34 UTC] Stopping Bookdarr
[2026-01-06 22:57:34 UTC] Updating repo
From https://github.com/thashiznit2003/Bookdarr
   3d7ea3136..04ca02dd6  develop                -> origin/develop
 * [new tag]             snapshot-20260106-2256 -> snapshot-20260106-2256
Already on 'develop'
Your branch is behind 'origin/develop' by 2 commits, and can be fast-forwarded.
  (use "git pull" to update your local branch)
HEAD is now at 04ca02dd6 Fix file details history styles and bump version
[2026-01-06 22:57:35 UTC] Building
yarn install v1.22.19
[1/4] Resolving packages...
success Already up-to-date.
Done in 0.29s.
yarn run v1.22.19
$ yarn clean
$ rimraf ./_output/UI && rimraf --glob "**/*.js.map"
$ webpack --config ./frontend/build/webpack.config.js
Source Folder: /opt/bookdarr-dev/frontend/src
Output Folder: /opt/bookdarr-dev/_output/UI
Cache Directory: /opt/bookdarr-dev/_cache/webpack
isProduction: false
isProfiling: false
<i> [FileManagerPlugin] copied "frontend/src/Content/robots.txt" to "/opt/bookdarr-dev/_output/UI/Content/robots.txt
<i> [FileManagerPlugin] copied "frontend/src/*.html" to "/opt/bookdarr-dev/_output/UI
<i> [FileManagerPlugin] copied "frontend/src/Content/Fonts/*.*" to "/opt/bookdarr-dev/_output/UI/Content/Fonts
<i> [FileManagerPlugin] copied "frontend/src/Content/Scripts/*.*" to "/opt/bookdarr-dev/_output/UI/Content/Scripts
<i> [FileManagerPlugin] copied "frontend/src/Content/Images/*.*" to "/opt/bookdarr-dev/_output/UI/Content/Images
<i> [FileManagerPlugin] copied "frontend/src/Content/Images/Icons/*.*" to "/opt/bookdarr-dev/_output/UI/Content/Images/Icons
<w> [webpack.cache.PackFileCacheStrategy] Skipped not serializable cache item 'Compilation/modules|/opt/bookdarr-dev/node_modules/css-modules-typescript-loader/index.js!/opt/bookdarr-dev/node_modules/css-loader/dist/cjs.js??ruleSet[1].rules[2].use[2]!/opt/bookdarr-dev/node_modules/postcss-loader/dist/cjs.js??ruleSet[1].rules[2].use[3]!/opt/bookdarr-dev/frontend/src/BookFile/FileDetails.css': No serializer registered for SyntaxError
<w> while serializing webpack/lib/cache/PackFileCacheStrategy.PackContentItems -> webpack/lib/NormalModule -> webpack/lib/ModuleBuildError -> SyntaxError
assets by status 29.9 MiB [big]
  asset vendors-node_modules_fortawesome_react-fontawesome_index_es_js-node_modules_microsoft_signalr-2ca2aa.js 15.6 MiB [emitted] [big] (id hint: vendors)
  asset frontend_src_bootstrap_tsx-node_modules_moment_locale_sync_recursive_.js 13.9 MiB [emitted] [big]
  asset Content/frontend_src_bootstrap_tsx-node_modules_moment_locale_sync_recursive_.css 496 KiB [emitted] [big]
assets by chunk 122 KiB (name: index)
  asset index.js 122 KiB [emitted] (name: index)
  asset Content/styles.css 913 bytes [emitted] (name: index)
asset index.html 2.34 KiB [emitted]
Entrypoint index 122 KiB = Content/styles.css 913 bytes index.js 122 KiB
cached modules 9.06 MiB (javascript) 200 KiB (css/mini-extract) 11.2 KiB (runtime) [cached] 2559 modules
orphan modules 39 bytes [orphan] 1 module
javascript modules 118 KiB
  ./frontend/src/Components/Page/Header/fuse.worker.js 118 KiB [not cacheable] [built]
  ./frontend/src/BookFile/FileDetails.css 39 bytes [built] [1 error]

ERROR in ./frontend/src/BookFile/FileDetails.css (./frontend/src/BookFile/FileDetails.css.webpack[javascript/auto]!=!./node_modules/css-modules-typescript-loader/index.js!./node_modules/css-loader/dist/cjs.js??ruleSet[1].rules[2].use[2]!./node_modules/postcss-loader/dist/cjs.js??ruleSet[1].rules[2].use[3]!./frontend/src/BookFile/FileDetails.css)
Module build failed (from ./node_modules/postcss-loader/dist/cjs.js):
SyntaxError

(20:3) postcss-simple-vars: /opt/bookdarr-dev/frontend/src/BookFile/FileDetails.css Undefined variable $semibold

  18 | .historyTitle {
  19 |   font-size: $defaultFontSize;
> 20 |   font-weight: $semibold;
     |   ^
  21 |   margin-bottom: 10px;
  22 | }
 @ ./frontend/src/BookFile/FileDetails.css
 @ ./frontend/src/BookFile/FileDetails.js 14:0-39 84:15-31 101:26-41 347:15-29 355:15-34 370:15-34 378:15-34 386:15-34 396:17-35 404:17-40
 @ ./frontend/src/BookFile/FileDetailsConnector.js 11:0-40 126:44-55
 @ ./frontend/src/BookFile/FileDetailsModal.js 10:0-58 48:38-58
 @ ./frontend/src/UnmappedFiles/UnmappedFilesTableRow.js 5:0-57 223:41-57
 @ ./frontend/src/UnmappedFiles/UnmappedFilesTable.js 22:0-60 91:42-63
 @ ./frontend/src/UnmappedFiles/UnmappedFilesTableConnector.js 16:0-54 92:44-62
 @ ./frontend/src/App/AppRoutes.js 36:0-84 113:15-42
 @ ./frontend/src/App/App.js 9:0-36 53:38-47
 @ ./frontend/src/bootstrap.tsx 6:0-28 11:42-45
 @ ./frontend/src/index.ts 15:10-31

ERROR in ./frontend/src/BookFile/FileDetails.css
Module build failed (from ./node_modules/mini-css-extract-plugin/dist/loader.js):
HookWebpackError: Module build failed (from ./node_modules/postcss-loader/dist/cjs.js):
SyntaxError

(14:3) postcss-simple-vars: /opt/bookdarr-dev/frontend/src/BookFile/FileDetails.css Undefined variable $borderColor

  12 | 
  13 | .history {
> 14 |   border-top: 1px solid $borderColor;
     |   ^
  15 |   padding-top: 15px;
  16 | }

    at tryRunOrWebpackError (/opt/bookdarr-dev/node_modules/webpack/lib/HookWebpackError.js:86:9)
    at __webpack_require_module__ (/opt/bookdarr-dev/node_modules/webpack/lib/Compilation.js:5276:12)
    at __webpack_require__ (/opt/bookdarr-dev/node_modules/webpack/lib/Compilation.js:5233:18)
    at /opt/bookdarr-dev/node_modules/webpack/lib/Compilation.js:5305:20
    at symbolIterator (/opt/bookdarr-dev/node_modules/neo-async/async.js:3485:9)
    at done (/opt/bookdarr-dev/node_modules/neo-async/async.js:3527:9)
    at Hook.eval [as callAsync] (eval at create (/opt/bookdarr-dev/node_modules/tapable/lib/HookCodeFactory.js:33:10), <anonymous>:15:1)
    at Hook.CALL_ASYNC_DELEGATE [as _callAsync] (/opt/bookdarr-dev/node_modules/tapable/lib/Hook.js:18:14)
    at /opt/bookdarr-dev/node_modules/webpack/lib/Compilation.js:5211:43
    at symbolIterator (/opt/bookdarr-dev/node_modules/neo-async/async.js:3482:9)
-- inner error --
Error: Module build failed (from ./node_modules/postcss-loader/dist/cjs.js):
SyntaxError

(14:3) postcss-simple-vars: /opt/bookdarr-dev/frontend/src/BookFile/FileDetails.css Undefined variable $borderColor

  12 | 
  13 | .history {
> 14 |   border-top: 1px solid $borderColor;
     |   ^
  15 |   padding-top: 15px;
  16 | }

    at Object.<anonymous> (/opt/bookdarr-dev/node_modules/css-modules-typescript-loader/index.js!/opt/bookdarr-dev/node_modules/css-loader/dist/cjs.js??ruleSet[1].rules[2].use[2]!/opt/bookdarr-dev/node_modules/postcss-loader/dist/cjs.js??ruleSet[1].rules[2].use[3]!/opt/bookdarr-dev/frontend/src/BookFile/FileDetails.css:1:7)
    at /opt/bookdarr-dev/node_modules/webpack/lib/javascript/JavascriptModulesPlugin.js:453:10
    at Hook.eval [as call] (eval at create (/opt/bookdarr-dev/node_modules/tapable/lib/HookCodeFactory.js:19:10), <anonymous>:7:1)
    at Hook.CALL_DELEGATE [as _call] (/opt/bookdarr-dev/node_modules/tapable/lib/Hook.js:14:14)
    at /opt/bookdarr-dev/node_modules/webpack/lib/Compilation.js:5278:39
    at tryRunOrWebpackError (/opt/bookdarr-dev/node_modules/webpack/lib/HookWebpackError.js:81:7)
    at __webpack_require_module__ (/opt/bookdarr-dev/node_modules/webpack/lib/Compilation.js:5276:12)
    at __webpack_require__ (/opt/bookdarr-dev/node_modules/webpack/lib/Compilation.js:5233:18)
    at /opt/bookdarr-dev/node_modules/webpack/lib/Compilation.js:5305:20
    at symbolIterator (/opt/bookdarr-dev/node_modules/neo-async/async.js:3485:9)

Generated code for /opt/bookdarr-dev/node_modules/css-modules-typescript-loader/index.js!/opt/bookdarr-dev/node_modules/css-loader/dist/cjs.js??ruleSet[1].rules[2].use[2]!/opt/bookdarr-dev/node_modules/postcss-loader/dist/cjs.js??ruleSet[1].rules[2].use[3]!/opt/bookdarr-dev/frontend/src/BookFile/FileDetails.css
1 | throw new Error("Module build failed (from ./node_modules/postcss-loader/dist/cjs.js):\nSyntaxError\n\n(14:3) postcss-simple-vars: /opt/bookdarr-dev/frontend/src/BookFile/FileDetails.css Undefined variable $borderColor\n\n  12 | \n  13 | .history {\n> 14 |   border-top: 1px solid $borderColor;\n     |   ^\n  15 |   padding-top: 15px;\n  16 | }\n");
 @ ./frontend/src/BookFile/FileDetails.js 14:0-39 84:15-31 101:26-41 347:15-29 355:15-34 370:15-34 378:15-34 386:15-34 396:17-35 404:17-40
 @ ./frontend/src/BookFile/FileDetailsConnector.js 11:0-40 126:44-55
 @ ./frontend/src/BookFile/FileDetailsModal.js 10:0-58 48:38-58
 @ ./frontend/src/UnmappedFiles/UnmappedFilesTableRow.js 5:0-57 223:41-57
 @ ./frontend/src/UnmappedFiles/UnmappedFilesTable.js 22:0-60 91:42-63
 @ ./frontend/src/UnmappedFiles/UnmappedFilesTableConnector.js 16:0-54 92:44-62
 @ ./frontend/src/App/AppRoutes.js 36:0-84 113:15-42
 @ ./frontend/src/App/App.js 9:0-36 53:38-47
 @ ./frontend/src/bootstrap.tsx 6:0-28 11:42-45
 @ ./frontend/src/index.ts 15:10-31

webpack 5.95.0 compiled with 2 errors in 5484 ms
error Command failed with exit code 1.
info Visit https://yarnpkg.com/en/docs/cli/run for documentation about this command.
