[2026-01-08 05:21:20 UTC] Stopping Bookdarr
[2026-01-08 05:21:20 UTC] Updating repo
From https://github.com/thashiznit2003/Bookdarr
   d6f43d43a..612da654a  develop                -> origin/develop
 * [new branch]          backup/linux-only-20260107-2125 -> origin/backup/linux-only-20260107-2125
 * [new tag]             backup-20260107-2125   -> backup-20260107-2125
 * [new tag]             snapshot-20260107-2159 -> snapshot-20260107-2159
 * [new tag]             snapshot-20260107-2218 -> snapshot-20260107-2218
Already on 'develop'
Your branch is behind 'origin/develop' by 1 commit, and can be fast-forwarded.
  (use "git pull" to update your local branch)
HEAD is now at 612da654a Remove Windows build and service support
[2026-01-08 05:21:21 UTC] Building
yarn install v1.22.19
[1/4] Resolving packages...
success Already up-to-date.
Done in 0.28s.
yarn run v1.22.19
$ yarn clean
$ rimraf ./_output/UI && rimraf --glob "**/*.js.map"
$ webpack --config ./frontend/build/webpack.config.js
Source Folder: /opt/bookdarr-dev/frontend/src
Output Folder: /opt/bookdarr-dev/_output/UI
Cache Directory: /opt/bookdarr-dev/_cache/webpack
isProduction: false
isProfiling: false
Browserslist: caniuse-lite is outdated. Please run:
  npx update-browserslist-db@latest
  Why you should do it regularly: https://github.com/browserslist/update-db#readme
<i> [FileManagerPlugin] copied "frontend/src/Content/robots.txt" to "/opt/bookdarr-dev/_output/UI/Content/robots.txt
<i> [FileManagerPlugin] copied "frontend/src/*.html" to "/opt/bookdarr-dev/_output/UI
<i> [FileManagerPlugin] copied "frontend/src/Content/Scripts/*.*" to "/opt/bookdarr-dev/_output/UI/Content/Scripts
<i> [FileManagerPlugin] copied "frontend/src/Content/Fonts/*.*" to "/opt/bookdarr-dev/_output/UI/Content/Fonts
<i> [FileManagerPlugin] copied "frontend/src/Content/Images/*.*" to "/opt/bookdarr-dev/_output/UI/Content/Images
<i> [FileManagerPlugin] copied "frontend/src/Content/Images/Icons/*.*" to "/opt/bookdarr-dev/_output/UI/Content/Images/Icons
assets by status 29.9 MiB [big]
  asset vendors-node_modules_fortawesome_react-fontawesome_index_es_js-node_modules_microsoft_signalr-2ca2aa.js 15.6 MiB [emitted] [big] (id hint: vendors)
  asset frontend_src_bootstrap_tsx-node_modules_moment_locale_sync_recursive_.js 13.8 MiB [emitted] [big]
  asset Content/frontend_src_bootstrap_tsx-node_modules_moment_locale_sync_recursive_.css 494 KiB [emitted] [big]
assets by chunk 122 KiB (name: index)
  asset index.js 122 KiB [emitted] (name: index)
  asset Content/styles.css 913 bytes [emitted] (name: index)
asset index.html 2.32 KiB [emitted]
Entrypoint index 122 KiB = Content/styles.css 913 bytes index.js 122 KiB
cached modules 8.96 MiB (javascript) 199 KiB (css/mini-extract) 11.2 KiB (runtime) [cached] 2539 modules
javascript modules 216 KiB
  modules by path ./frontend/src/Components/ 140 KiB 7 modules
  modules by path ./frontend/src/Settings/ 53.9 KiB
    modules by path ./frontend/src/Settings/General/*.js 25.7 KiB 4 modules
    modules by path ./frontend/src/Settings/MediaManagement/*.js 28.2 KiB 2 modules
  modules by path ./frontend/src/Search/ 16.8 KiB
    ./frontend/src/Search/Author/AddNewAuthorModalContentConnector.js 3.59 KiB [built] [code generated]
    ./frontend/src/Search/Book/AddNewBookModalContentConnector.js 3.38 KiB [built] [code generated]
    ./frontend/src/Search/Common/AddAuthorOptionsForm.js 9.82 KiB [built] [code generated]
  modules by path ./frontend/src/System/Logs/ 5.23 KiB
    ./frontend/src/System/Logs/Files/LogFilesConnector.js 2.54 KiB [built] [code generated]
    ./frontend/src/System/Logs/Updates/UpdateLogFilesConnector.js 2.68 KiB [built] [code generated]
  ./frontend/src/Utilities/String/combinePath.js 175 bytes [built] [code generated]
webpack 5.95.0 compiled successfully in 6699 ms
Done in 10.16s.
MSBuild version 17.3.4+a400405ba for .NET
  Determining projects to restore...
  The project /opt/bookdarr-dev/src/NzbDrone.Update.Test/Readarr.Update.Test.csproj is using CentralPackageVersionManagement, a NuGet preview feature.
  The project /opt/bookdarr-dev/src/Readarr.Api.V1/Readarr.Api.V1.csproj is using CentralPackageVersionManagement, a NuGet preview feature.
  The project /opt/bookdarr-dev/src/Readarr.Http/Readarr.Http.csproj is using CentralPackageVersionManagement, a NuGet preview feature.
  The project /opt/bookdarr-dev/src/NzbDrone.Update/Readarr.Update.csproj is using CentralPackageVersionManagement, a NuGet preview feature.
  Restored /opt/bookdarr-dev/src/NzbDrone.Update/Readarr.Update.csproj (in 3.92 sec).
  The project /opt/bookdarr-dev/src/NzbDrone.Test.Dummy/Readarr.Test.Dummy.csproj is using CentralPackageVersionManagement, a NuGet preview feature.
  Restored /opt/bookdarr-dev/src/NzbDrone.Test.Dummy/Readarr.Test.Dummy.csproj (in 6 ms).
  The project /opt/bookdarr-dev/src/NzbDrone.Mono/Readarr.Mono.csproj is using CentralPackageVersionManagement, a NuGet preview feature.
  Restored /opt/bookdarr-dev/src/NzbDrone.Mono/Readarr.Mono.csproj (in 178 ms).
  The project /opt/bookdarr-dev/src/NzbDrone.Mono.Test/Readarr.Mono.Test.csproj is using CentralPackageVersionManagement, a NuGet preview feature.
  Restored /opt/bookdarr-dev/src/NzbDrone.Update.Test/Readarr.Update.Test.csproj (in 6.43 sec).
  Restored /opt/bookdarr-dev/src/Readarr.Http/Readarr.Http.csproj (in 6.43 sec).
  The project /opt/bookdarr-dev/src/NzbDrone.Libraries.Test/Readarr.Libraries.Test.csproj is using CentralPackageVersionManagement, a NuGet preview feature.
  The project /opt/bookdarr-dev/src/NzbDrone.Integration.Test/Readarr.Integration.Test.csproj is using CentralPackageVersionManagement, a NuGet preview feature.
  Restored /opt/bookdarr-dev/src/Readarr.Api.V1/Readarr.Api.V1.csproj (in 6.44 sec).
  The project /opt/bookdarr-dev/src/NzbDrone.Host/Readarr.Host.csproj is using CentralPackageVersionManagement, a NuGet preview feature.
  Restored /opt/bookdarr-dev/src/NzbDrone.Mono.Test/Readarr.Mono.Test.csproj (in 2.28 sec).
  The project /opt/bookdarr-dev/src/NzbDrone.Host.Test/Readarr.Host.Test.csproj is using CentralPackageVersionManagement, a NuGet preview feature.
  Restored /opt/bookdarr-dev/src/NzbDrone.Libraries.Test/Readarr.Libraries.Test.csproj (in 180 ms).
  The project /opt/bookdarr-dev/src/NzbDrone.Core/Readarr.Core.csproj is using CentralPackageVersionManagement, a NuGet preview feature.
  Restored /opt/bookdarr-dev/src/NzbDrone.Host/Readarr.Host.csproj (in 165 ms).
  The project /opt/bookdarr-dev/src/NzbDrone.Core.Test/Readarr.Core.Test.csproj is using CentralPackageVersionManagement, a NuGet preview feature.
  Restored /opt/bookdarr-dev/src/NzbDrone.Host.Test/Readarr.Host.Test.csproj (in 245 ms).
  The project /opt/bookdarr-dev/src/NzbDrone.Test.Common/Readarr.Test.Common.csproj is using CentralPackageVersionManagement, a NuGet preview feature.
  Restored /opt/bookdarr-dev/src/NzbDrone.Core/Readarr.Core.csproj (in 122 ms).
  The project /opt/bookdarr-dev/src/NzbDrone.SignalR/Readarr.SignalR.csproj is using CentralPackageVersionManagement, a NuGet preview feature.
  Restored /opt/bookdarr-dev/src/NzbDrone.SignalR/Readarr.SignalR.csproj (in 43 ms).
  The project /opt/bookdarr-dev/src/NzbDrone.Console/Readarr.Console.csproj is using CentralPackageVersionManagement, a NuGet preview feature.
  Restored /opt/bookdarr-dev/src/NzbDrone.Integration.Test/Readarr.Integration.Test.csproj (in 493 ms).
  The project /opt/bookdarr-dev/src/NzbDrone.Common/Readarr.Common.csproj is using CentralPackageVersionManagement, a NuGet preview feature.
  Restored /opt/bookdarr-dev/src/NzbDrone.Test.Common/Readarr.Test.Common.csproj (in 211 ms).
  The project /opt/bookdarr-dev/src/NzbDrone.Common.Test/Readarr.Common.Test.csproj is using CentralPackageVersionManagement, a NuGet preview feature.
  Restored /opt/bookdarr-dev/src/NzbDrone.Core.Test/Readarr.Core.Test.csproj (in 345 ms).
  The project /opt/bookdarr-dev/src/NzbDrone.Automation.Test/Readarr.Automation.Test.csproj is using CentralPackageVersionManagement, a NuGet preview feature.
  Restored /opt/bookdarr-dev/src/NzbDrone.Console/Readarr.Console.csproj (in 196 ms).
  The project /opt/bookdarr-dev/src/NzbDrone.Api.Test/Readarr.Api.Test.csproj is using CentralPackageVersionManagement, a NuGet preview feature.
/opt/bookdarr-dev/src/NzbDrone.Common/Readarr.Common.csproj : error NU1601: Dependency specified was Microsoft.Extensions.Hosting.Abstractions (>= 6.0.2) but ended up with Microsoft.Extensions.Hosting.Abstractions 7.0.0. [/opt/bookdarr-dev/src/Readarr.sln]
  Failed to restore /opt/bookdarr-dev/src/NzbDrone.Common/Readarr.Common.csproj (in 118 ms).
  Restored /opt/bookdarr-dev/src/NzbDrone.Common.Test/Readarr.Common.Test.csproj (in 214 ms).
  Restored /opt/bookdarr-dev/src/NzbDrone.Api.Test/Readarr.Api.Test.csproj (in 205 ms).
  Restored /opt/bookdarr-dev/src/NzbDrone.Automation.Test/Readarr.Automation.Test.csproj (in 648 ms).
