[2026-01-10 15:45:06 UTC] Stopping Bookdarr
[2026-01-10 15:45:06 UTC] Updating repo
From https://github.com/thashiznit2003/Bookdarr
   2d6e76c22..7a4cc0850  develop                -> origin/develop
 * [new tag]             snapshot-20260110-0944 -> snapshot-20260110-0944
Already on 'develop'
Your branch is behind 'origin/develop' by 2 commits, and can be fast-forwarded.
  (use "git pull" to update your local branch)
HEAD is now at 7a4cc0850 Fix StyleCop warnings in exceptions
[2026-01-10 15:45:06 UTC] Building
yarn install v1.22.19
[1/4] Resolving packages...
success Already up-to-date.
Done in 0.28s.
yarn run v1.22.19
$ yarn clean
$ rimraf ./_output/UI && rimraf --glob "**/*.js.map"
$ webpack --config ./frontend/build/webpack.config.js
Source Folder: /opt/bookdarr-dev/frontend/src
Output Folder: /opt/bookdarr-dev/_output/UI
Cache Directory: /opt/bookdarr-dev/_cache/webpack
isProduction: false
isProfiling: false
<i> [FileManagerPlugin] copied "frontend/src/Content/robots.txt" to "/opt/bookdarr-dev/_output/UI/Content/robots.txt
<i> [FileManagerPlugin] copied "frontend/src/*.html" to "/opt/bookdarr-dev/_output/UI
<i> [FileManagerPlugin] copied "frontend/src/Content/Images/*.*" to "/opt/bookdarr-dev/_output/UI/Content/Images
<i> [FileManagerPlugin] copied "frontend/src/Content/Fonts/*.*" to "/opt/bookdarr-dev/_output/UI/Content/Fonts
<i> [FileManagerPlugin] copied "frontend/src/Content/Images/Icons/*.*" to "/opt/bookdarr-dev/_output/UI/Content/Images/Icons
<i> [FileManagerPlugin] copied "frontend/src/Content/Scripts/*.*" to "/opt/bookdarr-dev/_output/UI/Content/Scripts
assets by status 29.9 MiB [big]
  asset vendors-node_modules_fortawesome_react-fontawesome_index_es_js-node_modules_microsoft_signalr-2ca2aa.js 15.6 MiB [emitted] [big] (id hint: vendors)
  asset frontend_src_bootstrap_tsx-node_modules_moment_locale_sync_recursive_.js 13.8 MiB [emitted] [big]
  asset Content/frontend_src_bootstrap_tsx-node_modules_moment_locale_sync_recursive_.css 495 KiB [emitted] [big]
assets by chunk 122 KiB (name: index)
  asset index.js 122 KiB [emitted] (name: index)
  asset Content/styles.css 913 bytes [emitted] (name: index)
asset index.html 2.32 KiB [emitted]
Entrypoint index 122 KiB = Content/styles.css 913 bytes index.js 122 KiB
cached modules 9.05 MiB (javascript) 199 KiB (css/mini-extract) 11.2 KiB (runtime) [cached] 2557 modules
./frontend/src/Components/Page/Header/fuse.worker.js 118 KiB [not cacheable] [built]
webpack 5.95.0 compiled successfully in 5557 ms
Done in 9.14s.
MSBuild version 18.0.6+fad253f51 for .NET
  Determining projects to restore...
  All projects are up-to-date for restore.
  Readarr.Common -> /opt/bookdarr-dev/_output/net10.0/linux-x64/Readarr.Common.dll
  Readarr.Common -> /opt/bookdarr-dev/_output/net10.0/linux-x64/publish/
  Readarr.Test.Dummy -> /opt/bookdarr-dev/_tests/net10.0/linux-x64/Readarr.Test.Dummy.dll
  Readarr.Test.Dummy -> /opt/bookdarr-dev/_tests/net10.0/linux-x64/publish/
  Readarr.Mono -> /opt/bookdarr-dev/_output/net10.0/linux-x64/Readarr.Mono.dll
  Readarr.Mono -> /opt/bookdarr-dev/_output/net10.0/linux-x64/publish/
  Readarr.Core -> /opt/bookdarr-dev/_output/net10.0/linux-x64/Readarr.Core.dll
  Readarr.Core -> /opt/bookdarr-dev/_output/net10.0/linux-x64/publish/
  Readarr.Update -> /opt/bookdarr-dev/_output/Readarr.Update/net10.0/linux-x64/Readarr.Update.dll
  Readarr.Update -> /opt/bookdarr-dev/_output/Readarr.Update/net10.0/linux-x64/publish/
  Readarr.Test.Common -> /opt/bookdarr-dev/_tests/net10.0/linux-x64/Readarr.Test.Common.dll
  Readarr.Test.Common -> /opt/bookdarr-dev/_tests/net10.0/linux-x64/publish/
  Readarr.SignalR -> /opt/bookdarr-dev/_output/net10.0/linux-x64/Readarr.SignalR.dll
  Readarr.SignalR -> /opt/bookdarr-dev/_output/net10.0/linux-x64/publish/
  Readarr.Libraries.Test -> /opt/bookdarr-dev/_tests/net10.0/linux-x64/Readarr.Libraries.Test.dll
/opt/bookdarr-dev/src/Readarr.Http/Authentication/ApiKeyAuthenticationHandler.cs(31,13): error CS0618: 'ISystemClock' is obsolete: 'Use TimeProvider instead.' [/opt/bookdarr-dev/src/Readarr.Http/Readarr.Http.csproj::TargetFramework=net10.0]
/opt/bookdarr-dev/src/Readarr.Http/Authentication/BasicAuthenticationHandler.cs(24,13): error CS0618: 'ISystemClock' is obsolete: 'Use TimeProvider instead.' [/opt/bookdarr-dev/src/Readarr.Http/Readarr.Http.csproj::TargetFramework=net10.0]
/opt/bookdarr-dev/src/Readarr.Http/Authentication/NoAuthenticationHandler.cs(17,13): error CS0618: 'ISystemClock' is obsolete: 'Use TimeProvider instead.' [/opt/bookdarr-dev/src/Readarr.Http/Readarr.Http.csproj::TargetFramework=net10.0]
/opt/bookdarr-dev/src/Readarr.Http/Authentication/NoAuthenticationHandler.cs(18,13): error CS0618: 'AuthenticationHandler<AuthenticationSchemeOptions>.AuthenticationHandler(IOptionsMonitor<AuthenticationSchemeOptions>, ILoggerFactory, UrlEncoder, ISystemClock)' is obsolete: 'ISystemClock is obsolete, use TimeProvider on AuthenticationSchemeOptions instead.' [/opt/bookdarr-dev/src/Readarr.Http/Readarr.Http.csproj::TargetFramework=net10.0]
/opt/bookdarr-dev/src/Readarr.Http/Authentication/BasicAuthenticationHandler.cs(25,13): error CS0618: 'AuthenticationHandler<AuthenticationSchemeOptions>.AuthenticationHandler(IOptionsMonitor<AuthenticationSchemeOptions>, ILoggerFactory, UrlEncoder, ISystemClock)' is obsolete: 'ISystemClock is obsolete, use TimeProvider on AuthenticationSchemeOptions instead.' [/opt/bookdarr-dev/src/Readarr.Http/Readarr.Http.csproj::TargetFramework=net10.0]
/opt/bookdarr-dev/src/Readarr.Http/Authentication/ApiKeyAuthenticationHandler.cs(33,13): error CS0618: 'AuthenticationHandler<ApiKeyAuthenticationOptions>.AuthenticationHandler(IOptionsMonitor<ApiKeyAuthenticationOptions>, ILoggerFactory, UrlEncoder, ISystemClock)' is obsolete: 'ISystemClock is obsolete, use TimeProvider on AuthenticationSchemeOptions instead.' [/opt/bookdarr-dev/src/Readarr.Http/Readarr.Http.csproj::TargetFramework=net10.0]
/opt/bookdarr-dev/src/Readarr.Http/Authentication/BasicAuthenticationHandler.cs(74,13): error ASP0019: Use IHeaderDictionary.Append or the indexer to append or set headers. IDictionary.Add will throw an ArgumentException when attempting to add a duplicate key. (https://aka.ms/aspnet/analyzers) [/opt/bookdarr-dev/src/Readarr.Http/Readarr.Http.csproj::TargetFramework=net10.0]
/opt/bookdarr-dev/src/Readarr.Http/Middleware/VersionMiddleware.cs(25,17): error ASP0019: Use IHeaderDictionary.Append or the indexer to append or set headers. IDictionary.Add will throw an ArgumentException when attempting to add a duplicate key. (https://aka.ms/aspnet/analyzers) [/opt/bookdarr-dev/src/Readarr.Http/Readarr.Http.csproj::TargetFramework=net10.0]
  Readarr.Libraries.Test -> /opt/bookdarr-dev/_tests/net10.0/linux-x64/publish/
  Readarr.Automation.Test -> /opt/bookdarr-dev/_tests/net10.0/linux-x64/Readarr.Automation.Test.dll
  Readarr.Automation.Test -> /opt/bookdarr-dev/_tests/net10.0/linux-x64/publish/
  Readarr.Core.Test -> /opt/bookdarr-dev/_tests/net10.0/linux-x64/Readarr.Core.Test.dll
  Readarr.Core.Test -> /opt/bookdarr-dev/_tests/net10.0/linux-x64/publish/
  Readarr.Update.Test -> /opt/bookdarr-dev/_tests/net10.0/linux-x64/Readarr.Update.Test.dll
  Readarr.Update.Test -> /opt/bookdarr-dev/_tests/net10.0/linux-x64/publish/
