[2026-01-10 20:44:44 UTC] Stopping Bookdarr
[2026-01-10 20:44:44 UTC] Updating repo
From https://github.com/thashiznit2003/Bookdarr
   66f005885..edcd37d19  develop                -> origin/develop
 * [new tag]             snapshot-20260110-1444 -> snapshot-20260110-1444
Already on 'develop'
D	Logs/collect-search-rejections.sh
Your branch is behind 'origin/develop' by 2 commits, and can be fast-forwarded.
  (use "git pull" to update your local branch)
HEAD is now at edcd37d19 Fix IDE0005 in versioned controller attribute
[2026-01-10 20:44:44 UTC] Building
yarn install v1.22.19
[1/4] Resolving packages...
success Already up-to-date.
Done in 0.27s.
yarn run v1.22.19
$ yarn clean
$ rimraf ./_output/UI && rimraf --glob "**/*.js.map"
$ webpack --config ./frontend/build/webpack.config.js
Source Folder: /opt/bookdarr-dev/frontend/src
Output Folder: /opt/bookdarr-dev/_output/UI
Cache Directory: /opt/bookdarr-dev/_cache/webpack
isProduction: false
isProfiling: false
<i> [FileManagerPlugin] copied "frontend/src/Content/robots.txt" to "/opt/bookdarr-dev/_output/UI/Content/robots.txt
<i> [FileManagerPlugin] copied "frontend/src/*.html" to "/opt/bookdarr-dev/_output/UI
<i> [FileManagerPlugin] copied "frontend/src/Content/Scripts/*.*" to "/opt/bookdarr-dev/_output/UI/Content/Scripts
<i> [FileManagerPlugin] copied "frontend/src/Content/Fonts/*.*" to "/opt/bookdarr-dev/_output/UI/Content/Fonts
<i> [FileManagerPlugin] copied "frontend/src/Content/Images/*.*" to "/opt/bookdarr-dev/_output/UI/Content/Images
<i> [FileManagerPlugin] copied "frontend/src/Content/Images/Icons/*.*" to "/opt/bookdarr-dev/_output/UI/Content/Images/Icons
assets by status 29.9 MiB [big]
  asset vendors-node_modules_fortawesome_react-fontawesome_index_es_js-node_modules_microsoft_signalr-2ca2aa.js 15.6 MiB [emitted] [big] (id hint: vendors)
  asset frontend_src_bootstrap_tsx-node_modules_moment_locale_sync_recursive_.js 13.8 MiB [emitted] [big]
  asset Content/frontend_src_bootstrap_tsx-node_modules_moment_locale_sync_recursive_.css 495 KiB [emitted] [big]
assets by chunk 122 KiB (name: index)
  asset index.js 122 KiB [emitted] (name: index)
  asset Content/styles.css 913 bytes [emitted] (name: index)
asset index.html 2.32 KiB [emitted]
Entrypoint index 122 KiB = Content/styles.css 913 bytes index.js 122 KiB
cached modules 9.05 MiB (javascript) 199 KiB (css/mini-extract) 11.2 KiB (runtime) [cached] 2557 modules
./frontend/src/Components/Page/Header/fuse.worker.js 118 KiB [not cacheable] [built]
webpack 5.95.0 compiled successfully in 7483 ms
Done in 9.21s.
MSBuild version 18.0.6+fad253f51 for .NET
  Determining projects to restore...
  All projects are up-to-date for restore.
  Readarr.Test.Dummy -> /opt/bookdarr-dev/_tests/net10.0/linux-x64/Readarr.Test.Dummy.dll
  Readarr.Test.Dummy -> /opt/bookdarr-dev/_tests/net10.0/linux-x64/publish/
  Readarr.Common -> /opt/bookdarr-dev/_output/net10.0/linux-x64/Readarr.Common.dll
  Readarr.Common -> /opt/bookdarr-dev/_output/net10.0/linux-x64/publish/
  Readarr.Update -> /opt/bookdarr-dev/_output/Readarr.Update/net10.0/linux-x64/Readarr.Update.dll
  Readarr.Mono -> /opt/bookdarr-dev/_output/net10.0/linux-x64/Readarr.Mono.dll
  Readarr.Mono -> /opt/bookdarr-dev/_output/net10.0/linux-x64/publish/
  Readarr.Update -> /opt/bookdarr-dev/_output/Readarr.Update/net10.0/linux-x64/publish/
  Readarr.Core -> /opt/bookdarr-dev/_output/net10.0/linux-x64/Readarr.Core.dll
  Readarr.Core -> /opt/bookdarr-dev/_output/net10.0/linux-x64/publish/
  Readarr.Test.Common -> /opt/bookdarr-dev/_tests/net10.0/linux-x64/Readarr.Test.Common.dll
  Readarr.SignalR -> /opt/bookdarr-dev/_output/net10.0/linux-x64/Readarr.SignalR.dll
  Readarr.SignalR -> /opt/bookdarr-dev/_output/net10.0/linux-x64/publish/
  Readarr.Test.Common -> /opt/bookdarr-dev/_tests/net10.0/linux-x64/publish/
  Readarr.Libraries.Test -> /opt/bookdarr-dev/_tests/net10.0/linux-x64/Readarr.Libraries.Test.dll
  Readarr.Libraries.Test -> /opt/bookdarr-dev/_tests/net10.0/linux-x64/publish/
  Readarr.Http -> /opt/bookdarr-dev/_output/net10.0/linux-x64/Readarr.Http.dll
  Readarr.Http -> /opt/bookdarr-dev/_output/net10.0/linux-x64/publish/
  Readarr.Api.Test -> /opt/bookdarr-dev/_tests/net10.0/linux-x64/Readarr.Api.Test.dll
  Readarr.Api.Test -> /opt/bookdarr-dev/_tests/net10.0/linux-x64/publish/
  Readarr.Api.V1 -> /opt/bookdarr-dev/_output/net10.0/linux-x64/Readarr.Api.V1.dll
  Readarr.Api.V1 -> /opt/bookdarr-dev/_output/net10.0/linux-x64/publish/
  Readarr.Core.Test -> /opt/bookdarr-dev/_tests/net10.0/linux-x64/Readarr.Core.Test.dll
  Readarr.Core.Test -> /opt/bookdarr-dev/_tests/net10.0/linux-x64/publish/
  Readarr.Automation.Test -> /opt/bookdarr-dev/_tests/net10.0/linux-x64/Readarr.Automation.Test.dll
  Readarr.Automation.Test -> /opt/bookdarr-dev/_tests/net10.0/linux-x64/publish/
  Readarr.Update.Test -> /opt/bookdarr-dev/_tests/net10.0/linux-x64/Readarr.Update.Test.dll
  Readarr.Update.Test -> /opt/bookdarr-dev/_tests/net10.0/linux-x64/publish/
  Readarr.Integration.Test -> /opt/bookdarr-dev/_tests/net10.0/linux-x64/Readarr.Integration.Test.dll
  Readarr.Host -> /opt/bookdarr-dev/_output/net10.0/linux-x64/Readarr.Host.dll
  Readarr.Host -> /opt/bookdarr-dev/_output/net10.0/linux-x64/publish/
  Readarr.Integration.Test -> /opt/bookdarr-dev/_tests/net10.0/linux-x64/publish/
  Readarr.Host.Test -> /opt/bookdarr-dev/_tests/net10.0/linux-x64/Readarr.Host.Test.dll
  Readarr.Host.Test -> /opt/bookdarr-dev/_tests/net10.0/linux-x64/publish/
  Readarr.Console -> /opt/bookdarr-dev/_output/net10.0/linux-x64/Readarr.dll
  Readarr.Console -> /opt/bookdarr-dev/_output/net10.0/linux-x64/publish/
  Readarr.Common.Test -> /opt/bookdarr-dev/_tests/net10.0/linux-x64/Readarr.Common.Test.dll
  Readarr.Common.Test -> /opt/bookdarr-dev/_tests/net10.0/linux-x64/publish/
  Readarr.Mono.Test -> /opt/bookdarr-dev/_tests/net10.0/linux-x64/Readarr.Mono.Test.dll
  Readarr.Mono.Test -> /opt/bookdarr-dev/_tests/net10.0/linux-x64/publish/
Build complete. Run dev-run.sh to start Bookdarr.
[2026-01-10 20:45:26 UTC] Starting Bookdarr
[2026-01-10 20:51:24 UTC] Stopping Bookdarr
[2026-01-10 20:51:24 UTC] Updating repo
From https://github.com/thashiznit2003/Bookdarr
   edcd37d19..85fbdd03c  develop                -> origin/develop
 * [new tag]             snapshot-20260110-1450 -> snapshot-20260110-1450
 * [new tag]             snapshot-20260110-1446 -> snapshot-20260110-1446
Already on 'develop'
Your branch is behind 'origin/develop' by 2 commits, and can be fast-forwarded.
  (use "git pull" to update your local branch)
HEAD is now at 85fbdd03c Force RestResource body binding for API writes
[2026-01-10 20:51:24 UTC] Building
yarn install v1.22.19
[1/4] Resolving packages...
success Already up-to-date.
Done in 0.28s.
yarn run v1.22.19
$ yarn clean
$ rimraf ./_output/UI && rimraf --glob "**/*.js.map"
$ webpack --config ./frontend/build/webpack.config.js
Source Folder: /opt/bookdarr-dev/frontend/src
Output Folder: /opt/bookdarr-dev/_output/UI
Cache Directory: /opt/bookdarr-dev/_cache/webpack
isProduction: false
isProfiling: false
<i> [FileManagerPlugin] copied "frontend/src/Content/robots.txt" to "/opt/bookdarr-dev/_output/UI/Content/robots.txt
<i> [FileManagerPlugin] copied "frontend/src/*.html" to "/opt/bookdarr-dev/_output/UI
<i> [FileManagerPlugin] copied "frontend/src/Content/Scripts/*.*" to "/opt/bookdarr-dev/_output/UI/Content/Scripts
<i> [FileManagerPlugin] copied "frontend/src/Content/Fonts/*.*" to "/opt/bookdarr-dev/_output/UI/Content/Fonts
<i> [FileManagerPlugin] copied "frontend/src/Content/Images/*.*" to "/opt/bookdarr-dev/_output/UI/Content/Images
<i> [FileManagerPlugin] copied "frontend/src/Content/Images/Icons/*.*" to "/opt/bookdarr-dev/_output/UI/Content/Images/Icons
assets by status 29.9 MiB [big]
  asset vendors-node_modules_fortawesome_react-fontawesome_index_es_js-node_modules_microsoft_signalr-2ca2aa.js 15.6 MiB [emitted] [big] (id hint: vendors)
  asset frontend_src_bootstrap_tsx-node_modules_moment_locale_sync_recursive_.js 13.8 MiB [emitted] [big]
  asset Content/frontend_src_bootstrap_tsx-node_modules_moment_locale_sync_recursive_.css 495 KiB [emitted] [big]
assets by chunk 122 KiB (name: index)
  asset index.js 122 KiB [emitted] (name: index)
  asset Content/styles.css 913 bytes [emitted] (name: index)
asset index.html 2.32 KiB [emitted]
Entrypoint index 122 KiB = Content/styles.css 913 bytes index.js 122 KiB
cached modules 9.05 MiB (javascript) 199 KiB (css/mini-extract) 11.2 KiB (runtime) [cached] 2557 modules
./frontend/src/Components/Page/Header/fuse.worker.js 118 KiB [not cacheable] [built]
webpack 5.95.0 compiled successfully in 5266 ms
Done in 6.98s.
MSBuild version 18.0.6+fad253f51 for .NET
  Determining projects to restore...
  All projects are up-to-date for restore.
  Readarr.Test.Dummy -> /opt/bookdarr-dev/_tests/net10.0/linux-x64/Readarr.Test.Dummy.dll
  Readarr.Test.Dummy -> /opt/bookdarr-dev/_tests/net10.0/linux-x64/publish/
  Readarr.Common -> /opt/bookdarr-dev/_output/net10.0/linux-x64/Readarr.Common.dll
  Readarr.Common -> /opt/bookdarr-dev/_output/net10.0/linux-x64/publish/
  Readarr.Update -> /opt/bookdarr-dev/_output/Readarr.Update/net10.0/linux-x64/Readarr.Update.dll
  Readarr.Update -> /opt/bookdarr-dev/_output/Readarr.Update/net10.0/linux-x64/publish/
  Readarr.Core -> /opt/bookdarr-dev/_output/net10.0/linux-x64/Readarr.Core.dll
  Readarr.Core -> /opt/bookdarr-dev/_output/net10.0/linux-x64/publish/
  Readarr.Mono -> /opt/bookdarr-dev/_output/net10.0/linux-x64/Readarr.Mono.dll
  Readarr.Mono -> /opt/bookdarr-dev/_output/net10.0/linux-x64/publish/
  Readarr.Test.Common -> /opt/bookdarr-dev/_tests/net10.0/linux-x64/Readarr.Test.Common.dll
  Readarr.SignalR -> /opt/bookdarr-dev/_output/net10.0/linux-x64/Readarr.SignalR.dll
  Readarr.Test.Common -> /opt/bookdarr-dev/_tests/net10.0/linux-x64/publish/
  Readarr.SignalR -> /opt/bookdarr-dev/_output/net10.0/linux-x64/publish/
  Readarr.Http -> /opt/bookdarr-dev/_output/net10.0/linux-x64/Readarr.Http.dll
  Readarr.Http -> /opt/bookdarr-dev/_output/net10.0/linux-x64/publish/
  Readarr.Api.V1 -> /opt/bookdarr-dev/_output/net10.0/linux-x64/Readarr.Api.V1.dll
  Readarr.Api.V1 -> /opt/bookdarr-dev/_output/net10.0/linux-x64/publish/
  Readarr.Core.Test -> /opt/bookdarr-dev/_tests/net10.0/linux-x64/Readarr.Core.Test.dll
  Readarr.Core.Test -> /opt/bookdarr-dev/_tests/net10.0/linux-x64/publish/
  Readarr.Update.Test -> /opt/bookdarr-dev/_tests/net10.0/linux-x64/Readarr.Update.Test.dll
  Readarr.Update.Test -> /opt/bookdarr-dev/_tests/net10.0/linux-x64/publish/
  Readarr.Libraries.Test -> /opt/bookdarr-dev/_tests/net10.0/linux-x64/Readarr.Libraries.Test.dll
  Readarr.Automation.Test -> /opt/bookdarr-dev/_tests/net10.0/linux-x64/Readarr.Automation.Test.dll
  Readarr.Api.Test -> /opt/bookdarr-dev/_tests/net10.0/linux-x64/Readarr.Api.Test.dll
  Readarr.Libraries.Test -> /opt/bookdarr-dev/_tests/net10.0/linux-x64/publish/
  Readarr.Automation.Test -> /opt/bookdarr-dev/_tests/net10.0/linux-x64/publish/
  Readarr.Api.Test -> /opt/bookdarr-dev/_tests/net10.0/linux-x64/publish/
  Readarr.Integration.Test -> /opt/bookdarr-dev/_tests/net10.0/linux-x64/Readarr.Integration.Test.dll
  Readarr.Host -> /opt/bookdarr-dev/_output/net10.0/linux-x64/Readarr.Host.dll
  Readarr.Integration.Test -> /opt/bookdarr-dev/_tests/net10.0/linux-x64/publish/
  Readarr.Console -> /opt/bookdarr-dev/_output/net10.0/linux-x64/Readarr.dll
  Readarr.Host -> /opt/bookdarr-dev/_output/net10.0/linux-x64/publish/
  Readarr.Console -> /opt/bookdarr-dev/_output/net10.0/linux-x64/publish/
  Readarr.Host.Test -> /opt/bookdarr-dev/_tests/net10.0/linux-x64/Readarr.Host.Test.dll
  Readarr.Host.Test -> /opt/bookdarr-dev/_tests/net10.0/linux-x64/publish/
  Readarr.Common.Test -> /opt/bookdarr-dev/_tests/net10.0/linux-x64/Readarr.Common.Test.dll
  Readarr.Common.Test -> /opt/bookdarr-dev/_tests/net10.0/linux-x64/publish/
  Readarr.Mono.Test -> /opt/bookdarr-dev/_tests/net10.0/linux-x64/Readarr.Mono.Test.dll
  Readarr.Mono.Test -> /opt/bookdarr-dev/_tests/net10.0/linux-x64/publish/
Build complete. Run dev-run.sh to start Bookdarr.
[2026-01-10 20:52:03 UTC] Starting Bookdarr
[2026-01-10 21:28:46 UTC] Stopping Bookdarr
[2026-01-10 21:28:46 UTC] Updating repo
From https://github.com/thashiznit2003/Bookdarr
   85fbdd03c..e84f4edbc  develop                -> origin/develop
 * [new tag]             snapshot-20260110-1523 -> snapshot-20260110-1523
Already on 'develop'
Your branch is behind 'origin/develop' by 1 commit, and can be fast-forwarded.
  (use "git pull" to update your local branch)
HEAD is now at e84f4edbc Add diagnostics push flow and UI event capture
[2026-01-10 21:28:47 UTC] Building
yarn install v1.22.19
[1/4] Resolving packages...
success Already up-to-date.
Done in 0.28s.
yarn run v1.22.19
$ yarn clean
$ rimraf ./_output/UI && rimraf --glob "**/*.js.map"
$ webpack --config ./frontend/build/webpack.config.js
Source Folder: /opt/bookdarr-dev/frontend/src
Output Folder: /opt/bookdarr-dev/_output/UI
Cache Directory: /opt/bookdarr-dev/_cache/webpack
isProduction: false
isProfiling: false
Browserslist: caniuse-lite is outdated. Please run:
  npx update-browserslist-db@latest
  Why you should do it regularly: https://github.com/browserslist/update-db#readme
<i> [FileManagerPlugin] copied "frontend/src/Content/robots.txt" to "/opt/bookdarr-dev/_output/UI/Content/robots.txt
<i> [FileManagerPlugin] copied "frontend/src/*.html" to "/opt/bookdarr-dev/_output/UI
<i> [FileManagerPlugin] copied "frontend/src/Content/Scripts/*.*" to "/opt/bookdarr-dev/_output/UI/Content/Scripts
<i> [FileManagerPlugin] copied "frontend/src/Content/Fonts/*.*" to "/opt/bookdarr-dev/_output/UI/Content/Fonts
<i> [FileManagerPlugin] copied "frontend/src/Content/Images/*.*" to "/opt/bookdarr-dev/_output/UI/Content/Images
<i> [FileManagerPlugin] copied "frontend/src/Content/Images/Icons/*.*" to "/opt/bookdarr-dev/_output/UI/Content/Images/Icons
assets by status 29.9 MiB [big]
  asset vendors-node_modules_fortawesome_react-fontawesome_index_es_js-node_modules_microsoft_signalr-2ca2aa.js 15.6 MiB [emitted] [big] (id hint: vendors)
  asset frontend_src_bootstrap_tsx-node_modules_moment_locale_sync_recursive_.js 13.9 MiB [emitted] [big]
  asset Content/frontend_src_bootstrap_tsx-node_modules_moment_locale_sync_recursive_.css 495 KiB [emitted] [big]
assets by chunk 122 KiB (name: index)
  asset index.js 122 KiB [emitted] (name: index)
  asset Content/styles.css 913 bytes [emitted] (name: index)
asset index.html 2.32 KiB [emitted]
Entrypoint index 122 KiB = Content/styles.css 913 bytes index.js 122 KiB
cached modules 9.03 MiB (javascript) 199 KiB (css/mini-extract) 11.2 KiB (runtime) [cached] 2553 modules
javascript modules 158 KiB
  modules by path ./frontend/src/Components/Page/ 131 KiB
    ./frontend/src/Components/Page/Sidebar/PageSidebar.js 13.3 KiB [built] [code generated]
    ./frontend/src/Components/Page/Header/fuse.worker.js 118 KiB [not cacheable] [built]
  ./frontend/src/bootstrap.tsx 747 bytes [built] [code generated]
  ./frontend/src/Diagnostics/diagnosticsEvents.js 4.71 KiB [built] [code generated]
  ./frontend/src/Utilities/createAjaxRequest.js 2.12 KiB [built] [code generated]
  ./frontend/src/App/AppRoutes.js 11.2 KiB [built] [code generated]
  ./frontend/src/System/Diagnostics/Diagnostics.js 7.76 KiB [built] [code generated]
webpack 5.95.0 compiled successfully in 5450 ms
Done in 9.11s.
MSBuild version 18.0.6+fad253f51 for .NET
  Determining projects to restore...
  All projects are up-to-date for restore.
  Readarr.Test.Dummy -> /opt/bookdarr-dev/_tests/net10.0/linux-x64/Readarr.Test.Dummy.dll
  Readarr.Test.Dummy -> /opt/bookdarr-dev/_tests/net10.0/linux-x64/publish/
  Readarr.Common -> /opt/bookdarr-dev/_output/net10.0/linux-x64/Readarr.Common.dll
  Readarr.Common -> /opt/bookdarr-dev/_output/net10.0/linux-x64/publish/
  Readarr.Mono -> /opt/bookdarr-dev/_output/net10.0/linux-x64/Readarr.Mono.dll
  Readarr.Mono -> /opt/bookdarr-dev/_output/net10.0/linux-x64/publish/
/opt/bookdarr-dev/src/NzbDrone.Core/Diagnostics/DiagnosticsPushService.cs(8,1): error IDE0005: Using directive is unnecessary. (https://learn.microsoft.com/dotnet/fundamentals/code-analysis/style-rules/ide0005) [/opt/bookdarr-dev/src/NzbDrone.Core/Readarr.Core.csproj::TargetFramework=net10.0]
  Readarr.Update -> /opt/bookdarr-dev/_output/Readarr.Update/net10.0/linux-x64/Readarr.Update.dll
  Readarr.Update -> /opt/bookdarr-dev/_output/Readarr.Update/net10.0/linux-x64/publish/
