[2026-01-10 03:02:44 UTC] Stopping Bookdarr
[2026-01-10 03:02:44 UTC] Updating repo
From https://github.com/thashiznit2003/Bookdarr
   53e1576c2..78052cac9  develop                -> origin/develop
 * [new tag]             snapshot-20260109-2050 -> snapshot-20260109-2050
 * [new tag]             snapshot-20260109-2059 -> snapshot-20260109-2059
 * [new tag]             snapshot-20260109-2031 -> snapshot-20260109-2031
Already on 'develop'
Your branch is behind 'origin/develop' by 2 commits, and can be fast-forwarded.
  (use "git pull" to update your local branch)
HEAD is now at 78052cac9 Update docs and restore sidebar width
[2026-01-10 03:02:45 UTC] Building
yarn install v1.22.19
[1/4] Resolving packages...
success Already up-to-date.
Done in 0.28s.
yarn run v1.22.19
$ yarn clean
$ rimraf ./_output/UI && rimraf --glob "**/*.js.map"
$ webpack --config ./frontend/build/webpack.config.js
Source Folder: /opt/bookdarr-dev/frontend/src
Output Folder: /opt/bookdarr-dev/_output/UI
Cache Directory: /opt/bookdarr-dev/_cache/webpack
isProduction: false
isProfiling: false
Browserslist: caniuse-lite is outdated. Please run:
  npx update-browserslist-db@latest
  Why you should do it regularly: https://github.com/browserslist/update-db#readme
<i> [FileManagerPlugin] copied "frontend/src/Content/robots.txt" to "/opt/bookdarr-dev/_output/UI/Content/robots.txt
<i> [FileManagerPlugin] copied "frontend/src/*.html" to "/opt/bookdarr-dev/_output/UI
<i> [FileManagerPlugin] copied "frontend/src/Content/Fonts/*.*" to "/opt/bookdarr-dev/_output/UI/Content/Fonts
<i> [FileManagerPlugin] copied "frontend/src/Content/Scripts/*.*" to "/opt/bookdarr-dev/_output/UI/Content/Scripts
<i> [FileManagerPlugin] copied "frontend/src/Content/Images/*.*" to "/opt/bookdarr-dev/_output/UI/Content/Images
<i> [FileManagerPlugin] copied "frontend/src/Content/Images/Icons/*.*" to "/opt/bookdarr-dev/_output/UI/Content/Images/Icons
assets by status 29.9 MiB [big]
  asset vendors-node_modules_fortawesome_react-fontawesome_index_es_js-node_modules_microsoft_signalr-2ca2aa.js 15.6 MiB [emitted] [big] (id hint: vendors)
  asset frontend_src_bootstrap_tsx-node_modules_moment_locale_sync_recursive_.js 13.8 MiB [emitted] [big]
  asset Content/frontend_src_bootstrap_tsx-node_modules_moment_locale_sync_recursive_.css 495 KiB [emitted] [big]
assets by chunk 122 KiB (name: index)
  asset index.js 122 KiB [emitted] (name: index)
  asset Content/styles.css 913 bytes [emitted] (name: index)
asset index.html 2.32 KiB [emitted]
Entrypoint index 122 KiB = Content/styles.css 913 bytes index.js 122 KiB
runtime modules 321 KiB 1372 modules
orphan modules 975 KiB [orphan] 457 modules
modules by path ./ 9.13 MiB (javascript) 199 KiB (css/mini-extract)
  modules by path ./frontend/src/ 3.37 MiB (javascript) 199 KiB (css/mini-extract)
    javascript modules 3.37 MiB 1323 modules
    css modules 199 KiB 394 modules
  modules by path ./node_modules/ 5.76 MiB 755 modules
  ./util.inspect (ignored) 15 bytes [built] [code generated]
util (ignored) 15 bytes [built] [code generated]
url (ignored) 15 bytes [built] [code generated]
https (ignored) 15 bytes [built] [code generated]
http (ignored) 15 bytes [built] [code generated]
util (ignored) 15 bytes [built] [code generated]
util (ignored) 15 bytes [optional] [built] [code generated]
webpack 5.95.0 compiled successfully in 19445 ms
Done in 27.16s.
MSBuild version 17.3.4+a400405ba for .NET
  Determining projects to restore...
  The project /opt/bookdarr-dev/src/Readarr.Http/Readarr.Http.csproj is using CentralPackageVersionManagement, a NuGet preview feature.
  The project /opt/bookdarr-dev/src/NzbDrone.Update/Readarr.Update.csproj is using CentralPackageVersionManagement, a NuGet preview feature.
  The project /opt/bookdarr-dev/src/Readarr.Api.V1/Readarr.Api.V1.csproj is using CentralPackageVersionManagement, a NuGet preview feature.
  The project /opt/bookdarr-dev/src/NzbDrone.Update.Test/Readarr.Update.Test.csproj is using CentralPackageVersionManagement, a NuGet preview feature.
  The project /opt/bookdarr-dev/src/NzbDrone.Console/Readarr.Console.csproj is using CentralPackageVersionManagement, a NuGet preview feature.
  The project /opt/bookdarr-dev/src/NzbDrone.Test.Dummy/Readarr.Test.Dummy.csproj is using CentralPackageVersionManagement, a NuGet preview feature.
  The project /opt/bookdarr-dev/src/NzbDrone.Common/Readarr.Common.csproj is using CentralPackageVersionManagement, a NuGet preview feature.
  The project /opt/bookdarr-dev/src/NzbDrone.Common.Test/Readarr.Common.Test.csproj is using CentralPackageVersionManagement, a NuGet preview feature.
  The project /opt/bookdarr-dev/src/NzbDrone.Automation.Test/Readarr.Automation.Test.csproj is using CentralPackageVersionManagement, a NuGet preview feature.
  The project /opt/bookdarr-dev/src/NzbDrone.Api.Test/Readarr.Api.Test.csproj is using CentralPackageVersionManagement, a NuGet preview feature.
  The project /opt/bookdarr-dev/src/NzbDrone.Integration.Test/Readarr.Integration.Test.csproj is using CentralPackageVersionManagement, a NuGet preview feature.
  The project /opt/bookdarr-dev/src/NzbDrone.Host/Readarr.Host.csproj is using CentralPackageVersionManagement, a NuGet preview feature.
  The project /opt/bookdarr-dev/src/NzbDrone.Host.Test/Readarr.Host.Test.csproj is using CentralPackageVersionManagement, a NuGet preview feature.
  The project /opt/bookdarr-dev/src/NzbDrone.Core/Readarr.Core.csproj is using CentralPackageVersionManagement, a NuGet preview feature.
  The project /opt/bookdarr-dev/src/NzbDrone.Core.Test/Readarr.Core.Test.csproj is using CentralPackageVersionManagement, a NuGet preview feature.
  The project /opt/bookdarr-dev/src/NzbDrone.Test.Common/Readarr.Test.Common.csproj is using CentralPackageVersionManagement, a NuGet preview feature.
  The project /opt/bookdarr-dev/src/NzbDrone.SignalR/Readarr.SignalR.csproj is using CentralPackageVersionManagement, a NuGet preview feature.
  The project /opt/bookdarr-dev/src/NzbDrone.Mono/Readarr.Mono.csproj is using CentralPackageVersionManagement, a NuGet preview feature.
  The project /opt/bookdarr-dev/src/NzbDrone.Mono.Test/Readarr.Mono.Test.csproj is using CentralPackageVersionManagement, a NuGet preview feature.
  The project /opt/bookdarr-dev/src/NzbDrone.Libraries.Test/Readarr.Libraries.Test.csproj is using CentralPackageVersionManagement, a NuGet preview feature.
  All projects are up-to-date for restore.
  Readarr.Test.Dummy -> /opt/bookdarr-dev/_tests/net6.0/linux-x64/Readarr.Test.Dummy.dll
  Readarr.Test.Dummy -> /opt/bookdarr-dev/_tests/net6.0/linux-x64/publish/
  Readarr.Common -> /opt/bookdarr-dev/_output/net6.0/linux-x64/Readarr.Common.dll
  Readarr.Common -> /opt/bookdarr-dev/_output/net6.0/linux-x64/publish/
  Readarr.Mono -> /opt/bookdarr-dev/_output/net6.0/linux-x64/Readarr.Mono.dll
  Readarr.Mono -> /opt/bookdarr-dev/_output/net6.0/linux-x64/publish/
  Readarr.Core -> /opt/bookdarr-dev/_output/net6.0/linux-x64/Readarr.Core.dll
  Readarr.Core -> /opt/bookdarr-dev/_output/net6.0/linux-x64/publish/
  Readarr.Update -> /opt/bookdarr-dev/_output/Readarr.Update/net6.0/linux-x64/Readarr.Update.dll
  Readarr.Update -> /opt/bookdarr-dev/_output/Readarr.Update/net6.0/linux-x64/publish/
  Readarr.Test.Common -> /opt/bookdarr-dev/_tests/net6.0/linux-x64/Readarr.Test.Common.dll
  Readarr.SignalR -> /opt/bookdarr-dev/_output/net6.0/linux-x64/Readarr.SignalR.dll
  Readarr.SignalR -> /opt/bookdarr-dev/_output/net6.0/linux-x64/publish/
  Readarr.Test.Common -> /opt/bookdarr-dev/_tests/net6.0/linux-x64/publish/
  Readarr.Http -> /opt/bookdarr-dev/_output/net6.0/linux-x64/Readarr.Http.dll
  Readarr.Libraries.Test -> /opt/bookdarr-dev/_tests/net6.0/linux-x64/Readarr.Libraries.Test.dll
  Readarr.Http -> /opt/bookdarr-dev/_output/net6.0/linux-x64/publish/
  Readarr.Libraries.Test -> /opt/bookdarr-dev/_tests/net6.0/linux-x64/publish/
  Readarr.Automation.Test -> /opt/bookdarr-dev/_tests/net6.0/linux-x64/Readarr.Automation.Test.dll
  Readarr.Automation.Test -> /opt/bookdarr-dev/_tests/net6.0/linux-x64/publish/
  Readarr.Core.Test -> /opt/bookdarr-dev/_tests/net6.0/linux-x64/Readarr.Core.Test.dll
  Readarr.Core.Test -> /opt/bookdarr-dev/_tests/net6.0/linux-x64/publish/
  Readarr.Update.Test -> /opt/bookdarr-dev/_tests/net6.0/linux-x64/Readarr.Update.Test.dll
  Readarr.Update.Test -> /opt/bookdarr-dev/_tests/net6.0/linux-x64/publish/
  Readarr.Api.Test -> /opt/bookdarr-dev/_tests/net6.0/linux-x64/Readarr.Api.Test.dll
  Readarr.Api.V1 -> /opt/bookdarr-dev/_output/net6.0/linux-x64/Readarr.Api.V1.dll
  Readarr.Api.Test -> /opt/bookdarr-dev/_tests/net6.0/linux-x64/publish/
  Readarr.Api.V1 -> /opt/bookdarr-dev/_output/net6.0/linux-x64/publish/
  Readarr.Host -> /opt/bookdarr-dev/_output/net6.0/linux-x64/Readarr.Host.dll
  Readarr.Integration.Test -> /opt/bookdarr-dev/_tests/net6.0/linux-x64/Readarr.Integration.Test.dll
  Readarr.Host -> /opt/bookdarr-dev/_output/net6.0/linux-x64/publish/
  Readarr.Integration.Test -> /opt/bookdarr-dev/_tests/net6.0/linux-x64/publish/
  Readarr.Host.Test -> /opt/bookdarr-dev/_tests/net6.0/linux-x64/Readarr.Host.Test.dll
  Readarr.Host.Test -> /opt/bookdarr-dev/_tests/net6.0/linux-x64/publish/
  Readarr.Console -> /opt/bookdarr-dev/_output/net6.0/linux-x64/Readarr.dll
  Readarr.Common.Test -> /opt/bookdarr-dev/_tests/net6.0/linux-x64/Readarr.Common.Test.dll
  Readarr.Common.Test -> /opt/bookdarr-dev/_tests/net6.0/linux-x64/publish/
  Readarr.Console -> /opt/bookdarr-dev/_output/net6.0/linux-x64/publish/
  Readarr.Mono.Test -> /opt/bookdarr-dev/_tests/net6.0/linux-x64/Readarr.Mono.Test.dll
  Readarr.Mono.Test -> /opt/bookdarr-dev/_tests/net6.0/linux-x64/publish/
Build complete. Run dev-run.sh to start Bookdarr.
[2026-01-10 03:03:40 UTC] Starting Bookdarr
[2026-01-10 15:00:28 UTC] Stopping Bookdarr
[2026-01-10 15:00:28 UTC] Updating repo
From https://github.com/thashiznit2003/Bookdarr
   78052cac9..7bead7f12  develop                -> origin/develop
 * [new tag]             snapshot-20260109-2113 -> snapshot-20260109-2113
Already on 'develop'
M	frontend/src/Author/Details/AuthorDetailsHeader.css.d.ts
M	frontend/src/Author/Details/BookStatus.css.d.ts
M	frontend/src/Author/Edit/EditAuthorModalContent.css.d.ts
M	frontend/src/Author/Editor/AuthorEditorFooter.css.d.ts
M	frontend/src/BookFile/BookFileAudioModal.css.d.ts
M	frontend/src/BookFile/BookFileReaderModal.css.d.ts
M	frontend/src/BookFile/FileDetails.css.d.ts
M	frontend/src/Components/FileBrowser/FileBrowserModalContent.css.d.ts
M	frontend/src/Components/Page/Header/PageHeader.css.d.ts
M	frontend/src/Search/AddNewItem.css.d.ts
Your branch is behind 'origin/develop' by 1 commit, and can be fast-forwarded.
  (use "git pull" to update your local branch)
HEAD is now at 7bead7f12 Upgrade to .NET 10.0.1
[2026-01-10 15:00:28 UTC] Building
yarn install v1.22.19
[1/4] Resolving packages...
success Already up-to-date.
Done in 0.28s.
yarn run v1.22.19
$ yarn clean
$ rimraf ./_output/UI && rimraf --glob "**/*.js.map"
$ webpack --config ./frontend/build/webpack.config.js
Source Folder: /opt/bookdarr-dev/frontend/src
Output Folder: /opt/bookdarr-dev/_output/UI
Cache Directory: /opt/bookdarr-dev/_cache/webpack
isProduction: false
isProfiling: false
<i> [FileManagerPlugin] copied "frontend/src/Content/robots.txt" to "/opt/bookdarr-dev/_output/UI/Content/robots.txt
<i> [FileManagerPlugin] copied "frontend/src/*.html" to "/opt/bookdarr-dev/_output/UI
<i> [FileManagerPlugin] copied "frontend/src/Content/Fonts/*.*" to "/opt/bookdarr-dev/_output/UI/Content/Fonts
<i> [FileManagerPlugin] copied "frontend/src/Content/Scripts/*.*" to "/opt/bookdarr-dev/_output/UI/Content/Scripts
<i> [FileManagerPlugin] copied "frontend/src/Content/Images/*.*" to "/opt/bookdarr-dev/_output/UI/Content/Images
<i> [FileManagerPlugin] copied "frontend/src/Content/Images/Icons/*.*" to "/opt/bookdarr-dev/_output/UI/Content/Images/Icons
assets by status 29.9 MiB [big]
  asset vendors-node_modules_fortawesome_react-fontawesome_index_es_js-node_modules_microsoft_signalr-2ca2aa.js 15.6 MiB [emitted] [big] (id hint: vendors)
  asset frontend_src_bootstrap_tsx-node_modules_moment_locale_sync_recursive_.js 13.8 MiB [emitted] [big]
  asset Content/frontend_src_bootstrap_tsx-node_modules_moment_locale_sync_recursive_.css 495 KiB [emitted] [big]
assets by chunk 122 KiB (name: index)
  asset index.js 122 KiB [emitted] (name: index)
  asset Content/styles.css 913 bytes [emitted] (name: index)
asset index.html 2.32 KiB [emitted]
Entrypoint index 122 KiB = Content/styles.css 913 bytes index.js 122 KiB
cached modules 9.05 MiB (javascript) 199 KiB (css/mini-extract) 11.2 KiB (runtime) [cached] 2557 modules
./frontend/src/Components/Page/Header/fuse.worker.js 118 KiB [not cacheable] [built]
webpack 5.95.0 compiled successfully in 5360 ms
Done in 9.59s.
The command could not be loaded, possibly because:
  * You intended to execute a .NET application:
      The application 'msbuild' does not exist.
  * You intended to execute a .NET SDK command:
      A compatible .NET SDK was not found.

Requested SDK version: 10.0.1
global.json file: /opt/bookdarr-dev/global.json

Installed SDKs:

Install the [10.0.1] .NET SDK or update [/opt/bookdarr-dev/global.json] to match an installed SDK.

Learn about SDK resolution:
https://aka.ms/dotnet/sdk-not-found
6.0.428 [/usr/share/dotnet/sdk]
