[2026-01-09 16:59:07 UTC] Stopping Bookdarr
[2026-01-09 16:59:07 UTC] Updating repo
From https://github.com/thashiznit2003/Bookdarr
   271bc485b..1f8bc07ee  develop    -> origin/develop
Already on 'develop'
Your branch is behind 'origin/develop' by 2 commits, and can be fast-forwarded.
  (use "git pull" to update your local branch)
HEAD is now at 1f8bc07ee Restore BuildInfo import for test runner
[2026-01-09 16:59:08 UTC] Building
yarn install v1.22.19
[1/4] Resolving packages...
success Already up-to-date.
Done in 0.28s.
yarn run v1.22.19
$ yarn clean
$ rimraf ./_output/UI && rimraf --glob "**/*.js.map"
$ webpack --config ./frontend/build/webpack.config.js
Source Folder: /opt/bookdarr-dev/frontend/src
Output Folder: /opt/bookdarr-dev/_output/UI
Cache Directory: /opt/bookdarr-dev/_cache/webpack
isProduction: false
isProfiling: false
<i> [FileManagerPlugin] copied "frontend/src/Content/robots.txt" to "/opt/bookdarr-dev/_output/UI/Content/robots.txt
<i> [FileManagerPlugin] copied "frontend/src/*.html" to "/opt/bookdarr-dev/_output/UI
<i> [FileManagerPlugin] copied "frontend/src/Content/Scripts/*.*" to "/opt/bookdarr-dev/_output/UI/Content/Scripts
<i> [FileManagerPlugin] copied "frontend/src/Content/Fonts/*.*" to "/opt/bookdarr-dev/_output/UI/Content/Fonts
<i> [FileManagerPlugin] copied "frontend/src/Content/Images/*.*" to "/opt/bookdarr-dev/_output/UI/Content/Images
<i> [FileManagerPlugin] copied "frontend/src/Content/Images/Icons/*.*" to "/opt/bookdarr-dev/_output/UI/Content/Images/Icons
assets by status 29.9 MiB [big]
  asset vendors-node_modules_fortawesome_react-fontawesome_index_es_js-node_modules_microsoft_signalr-2ca2aa.js 15.6 MiB [emitted] [big] (id hint: vendors)
  asset frontend_src_bootstrap_tsx-node_modules_moment_locale_sync_recursive_.js 13.8 MiB [emitted] [big]
  asset Content/frontend_src_bootstrap_tsx-node_modules_moment_locale_sync_recursive_.css 495 KiB [emitted] [big]
assets by chunk 122 KiB (name: index)
  asset index.js 122 KiB [emitted] (name: index)
  asset Content/styles.css 913 bytes [emitted] (name: index)
asset index.html 2.32 KiB [emitted]
Entrypoint index 122 KiB = Content/styles.css 913 bytes index.js 122 KiB
cached modules 9.05 MiB (javascript) 199 KiB (css/mini-extract) 11.2 KiB (runtime) [cached] 2557 modules
./frontend/src/Components/Page/Header/fuse.worker.js 118 KiB [not cacheable] [built]
webpack 5.95.0 compiled successfully in 5313 ms
Done in 7.05s.
MSBuild version 17.3.4+a400405ba for .NET
  Determining projects to restore...
  The project /opt/bookdarr-dev/src/NzbDrone.Core.Test/Readarr.Core.Test.csproj is using CentralPackageVersionManagement, a NuGet preview feature.
  The project /opt/bookdarr-dev/src/NzbDrone.Libraries.Test/Readarr.Libraries.Test.csproj is using CentralPackageVersionManagement, a NuGet preview feature.
  The project /opt/bookdarr-dev/src/NzbDrone.Test.Dummy/Readarr.Test.Dummy.csproj is using CentralPackageVersionManagement, a NuGet preview feature.
  The project /opt/bookdarr-dev/src/Readarr.Http/Readarr.Http.csproj is using CentralPackageVersionManagement, a NuGet preview feature.
  The project /opt/bookdarr-dev/src/Readarr.Api.V1/Readarr.Api.V1.csproj is using CentralPackageVersionManagement, a NuGet preview feature.
  The project /opt/bookdarr-dev/src/NzbDrone.Update/Readarr.Update.csproj is using CentralPackageVersionManagement, a NuGet preview feature.
  The project /opt/bookdarr-dev/src/NzbDrone.Update.Test/Readarr.Update.Test.csproj is using CentralPackageVersionManagement, a NuGet preview feature.
  The project /opt/bookdarr-dev/src/NzbDrone.Test.Common/Readarr.Test.Common.csproj is using CentralPackageVersionManagement, a NuGet preview feature.
  The project /opt/bookdarr-dev/src/NzbDrone.SignalR/Readarr.SignalR.csproj is using CentralPackageVersionManagement, a NuGet preview feature.
  The project /opt/bookdarr-dev/src/NzbDrone.Mono/Readarr.Mono.csproj is using CentralPackageVersionManagement, a NuGet preview feature.
  The project /opt/bookdarr-dev/src/NzbDrone.Mono.Test/Readarr.Mono.Test.csproj is using CentralPackageVersionManagement, a NuGet preview feature.
  The project /opt/bookdarr-dev/src/NzbDrone.Integration.Test/Readarr.Integration.Test.csproj is using CentralPackageVersionManagement, a NuGet preview feature.
  The project /opt/bookdarr-dev/src/NzbDrone.Host/Readarr.Host.csproj is using CentralPackageVersionManagement, a NuGet preview feature.
  The project /opt/bookdarr-dev/src/NzbDrone.Host.Test/Readarr.Host.Test.csproj is using CentralPackageVersionManagement, a NuGet preview feature.
  The project /opt/bookdarr-dev/src/NzbDrone.Core/Readarr.Core.csproj is using CentralPackageVersionManagement, a NuGet preview feature.
  The project /opt/bookdarr-dev/src/NzbDrone.Console/Readarr.Console.csproj is using CentralPackageVersionManagement, a NuGet preview feature.
  The project /opt/bookdarr-dev/src/NzbDrone.Common/Readarr.Common.csproj is using CentralPackageVersionManagement, a NuGet preview feature.
  The project /opt/bookdarr-dev/src/NzbDrone.Common.Test/Readarr.Common.Test.csproj is using CentralPackageVersionManagement, a NuGet preview feature.
  The project /opt/bookdarr-dev/src/NzbDrone.Automation.Test/Readarr.Automation.Test.csproj is using CentralPackageVersionManagement, a NuGet preview feature.
  The project /opt/bookdarr-dev/src/NzbDrone.Api.Test/Readarr.Api.Test.csproj is using CentralPackageVersionManagement, a NuGet preview feature.
  All projects are up-to-date for restore.
  Readarr.Common -> /opt/bookdarr-dev/_output/net6.0/linux-x64/Readarr.Common.dll
  Readarr.Common -> /opt/bookdarr-dev/_output/net6.0/linux-x64/publish/
  Readarr.Mono -> /opt/bookdarr-dev/_output/net6.0/linux-x64/Readarr.Mono.dll
  Readarr.Test.Dummy -> /opt/bookdarr-dev/_tests/net6.0/linux-x64/Readarr.Test.Dummy.dll
  Readarr.Mono -> /opt/bookdarr-dev/_output/net6.0/linux-x64/publish/
  Readarr.Update -> /opt/bookdarr-dev/_output/Readarr.Update/net6.0/linux-x64/Readarr.Update.dll
  Readarr.Update -> /opt/bookdarr-dev/_output/Readarr.Update/net6.0/linux-x64/publish/
  Readarr.Core -> /opt/bookdarr-dev/_output/net6.0/linux-x64/Readarr.Core.dll
  Readarr.Core -> /opt/bookdarr-dev/_output/net6.0/linux-x64/publish/
  Readarr.Test.Dummy -> /opt/bookdarr-dev/_tests/net6.0/linux-x64/publish/
  Readarr.Test.Common -> /opt/bookdarr-dev/_tests/net6.0/linux-x64/Readarr.Test.Common.dll
  Readarr.Test.Common -> /opt/bookdarr-dev/_tests/net6.0/linux-x64/publish/
  Readarr.SignalR -> /opt/bookdarr-dev/_output/net6.0/linux-x64/Readarr.SignalR.dll
  Readarr.SignalR -> /opt/bookdarr-dev/_output/net6.0/linux-x64/publish/
  Readarr.Automation.Test -> /opt/bookdarr-dev/_tests/net6.0/linux-x64/Readarr.Automation.Test.dll
  Readarr.Automation.Test -> /opt/bookdarr-dev/_tests/net6.0/linux-x64/publish/
  Readarr.Libraries.Test -> /opt/bookdarr-dev/_tests/net6.0/linux-x64/Readarr.Libraries.Test.dll
  Readarr.Libraries.Test -> /opt/bookdarr-dev/_tests/net6.0/linux-x64/publish/
  Readarr.Http -> /opt/bookdarr-dev/_output/net6.0/linux-x64/Readarr.Http.dll
  Readarr.Http -> /opt/bookdarr-dev/_output/net6.0/linux-x64/publish/
  Readarr.Update.Test -> /opt/bookdarr-dev/_tests/net6.0/linux-x64/Readarr.Update.Test.dll
  Readarr.Api.V1 -> /opt/bookdarr-dev/_output/net6.0/linux-x64/Readarr.Api.V1.dll
  Readarr.Api.V1 -> /opt/bookdarr-dev/_output/net6.0/linux-x64/publish/
  Readarr.Host -> /opt/bookdarr-dev/_output/net6.0/linux-x64/Readarr.Host.dll
  Readarr.Host -> /opt/bookdarr-dev/_output/net6.0/linux-x64/publish/
  Readarr.Core.Test -> /opt/bookdarr-dev/_tests/net6.0/linux-x64/Readarr.Core.Test.dll
  Readarr.Core.Test -> /opt/bookdarr-dev/_tests/net6.0/linux-x64/publish/
  Readarr.Update.Test -> /opt/bookdarr-dev/_tests/net6.0/linux-x64/publish/
  Readarr.Integration.Test -> /opt/bookdarr-dev/_tests/net6.0/linux-x64/Readarr.Integration.Test.dll
  Readarr.Common.Test -> /opt/bookdarr-dev/_tests/net6.0/linux-x64/Readarr.Common.Test.dll
  Readarr.Api.Test -> /opt/bookdarr-dev/_tests/net6.0/linux-x64/Readarr.Api.Test.dll
  Readarr.Common.Test -> /opt/bookdarr-dev/_tests/net6.0/linux-x64/publish/
  Readarr.Integration.Test -> /opt/bookdarr-dev/_tests/net6.0/linux-x64/publish/
  Readarr.Api.Test -> /opt/bookdarr-dev/_tests/net6.0/linux-x64/publish/
  Readarr.Console -> /opt/bookdarr-dev/_output/net6.0/linux-x64/Readarr.dll
  Readarr.Host.Test -> /opt/bookdarr-dev/_tests/net6.0/linux-x64/Readarr.Host.Test.dll
  Readarr.Host.Test -> /opt/bookdarr-dev/_tests/net6.0/linux-x64/publish/
  Readarr.Console -> /opt/bookdarr-dev/_output/net6.0/linux-x64/publish/
  Readarr.Mono.Test -> /opt/bookdarr-dev/_tests/net6.0/linux-x64/Readarr.Mono.Test.dll
  Readarr.Mono.Test -> /opt/bookdarr-dev/_tests/net6.0/linux-x64/publish/
Build complete. Run dev-run.sh to start Bookdarr.
[2026-01-09 16:59:44 UTC] Starting Bookdarr
[2026-01-10 15:10:18 UTC] Stopping Bookdarr
[2026-01-10 15:10:18 UTC] Updating repo
From https://github.com/thashiznit2003/Bookdarr
   7bead7f12..49cc55b60  develop                -> origin/develop
 * [new tag]             snapshot-20260110-0908 -> snapshot-20260110-0908
Already on 'develop'
Your branch is behind 'origin/develop' by 2 commits, and can be fast-forwarded.
  (use "git pull" to update your local branch)
HEAD is now at 49cc55b60 Align .NET 10 SDK version
[2026-01-10 15:10:19 UTC] Building
yarn install v1.22.19
[1/4] Resolving packages...
success Already up-to-date.
Done in 0.28s.
yarn run v1.22.19
$ yarn clean
$ rimraf ./_output/UI && rimraf --glob "**/*.js.map"
$ webpack --config ./frontend/build/webpack.config.js
Source Folder: /opt/bookdarr-dev/frontend/src
Output Folder: /opt/bookdarr-dev/_output/UI
Cache Directory: /opt/bookdarr-dev/_cache/webpack
isProduction: false
isProfiling: false
<i> [FileManagerPlugin] copied "frontend/src/Content/robots.txt" to "/opt/bookdarr-dev/_output/UI/Content/robots.txt
<i> [FileManagerPlugin] copied "frontend/src/*.html" to "/opt/bookdarr-dev/_output/UI
<i> [FileManagerPlugin] copied "frontend/src/Content/Fonts/*.*" to "/opt/bookdarr-dev/_output/UI/Content/Fonts
<i> [FileManagerPlugin] copied "frontend/src/Content/Scripts/*.*" to "/opt/bookdarr-dev/_output/UI/Content/Scripts
<i> [FileManagerPlugin] copied "frontend/src/Content/Images/*.*" to "/opt/bookdarr-dev/_output/UI/Content/Images
<i> [FileManagerPlugin] copied "frontend/src/Content/Images/Icons/*.*" to "/opt/bookdarr-dev/_output/UI/Content/Images/Icons
assets by status 29.9 MiB [big]
  asset vendors-node_modules_fortawesome_react-fontawesome_index_es_js-node_modules_microsoft_signalr-2ca2aa.js 15.6 MiB [emitted] [big] (id hint: vendors)
  asset frontend_src_bootstrap_tsx-node_modules_moment_locale_sync_recursive_.js 13.8 MiB [emitted] [big]
  asset Content/frontend_src_bootstrap_tsx-node_modules_moment_locale_sync_recursive_.css 495 KiB [emitted] [big]
assets by chunk 122 KiB (name: index)
  asset index.js 122 KiB [emitted] (name: index)
  asset Content/styles.css 913 bytes [emitted] (name: index)
asset index.html 2.32 KiB [emitted]
Entrypoint index 122 KiB = Content/styles.css 913 bytes index.js 122 KiB
cached modules 9.05 MiB (javascript) 199 KiB (css/mini-extract) 11.2 KiB (runtime) [cached] 2557 modules
./frontend/src/Components/Page/Header/fuse.worker.js 118 KiB [not cacheable] [built]
webpack 5.95.0 compiled successfully in 5531 ms
Done in 7.34s.

Welcome to .NET 10.0!
---------------------
SDK Version: 10.0.101

Telemetry
---------
The .NET tools collect usage data in order to help us improve your experience. It is collected by Microsoft and shared with the community. You can opt-out of telemetry by setting the DOTNET_CLI_TELEMETRY_OPTOUT environment variable to '1' or 'true' using your favorite shell.

Read more about .NET CLI Tools telemetry: https://aka.ms/dotnet-cli-telemetry

----------------
Installed an ASP.NET Core HTTPS development certificate.
To trust the certificate, run 'dotnet dev-certs https --trust'
Learn about HTTPS: https://aka.ms/dotnet-https

----------------
Write your first app: https://aka.ms/dotnet-hello-world
Find out what's new: https://aka.ms/dotnet-whats-new
Explore documentation: https://aka.ms/dotnet-docs
Report issues and find source on GitHub: https://github.com/dotnet/core
Use 'dotnet --help' to see available commands or visit: https://aka.ms/dotnet-cli
--------------------------------------------------------------------------------------
An issue was encountered verifying workloads. For more information, run "dotnet workload update".
MSBuild version 18.0.6+fad253f51 for .NET
  Determining projects to restore...
/opt/bookdarr-dev/src/NzbDrone.Test.Common/Readarr.Test.Common.csproj : error NU1902: Warning As Error: Package 'Microsoft.IdentityModel.JsonWebTokens' 6.8.0 has a known moderate severity vulnerability, https://github.com/advisories/GHSA-59j7-ghrg-fj52 [/opt/bookdarr-dev/src/Readarr.sln]
/opt/bookdarr-dev/src/NzbDrone.Update.Test/Readarr.Update.Test.csproj : error NU1902: Warning As Error: Package 'Microsoft.IdentityModel.JsonWebTokens' 6.8.0 has a known moderate severity vulnerability, https://github.com/advisories/GHSA-59j7-ghrg-fj52 [/opt/bookdarr-dev/src/Readarr.sln]
/opt/bookdarr-dev/src/NzbDrone.Update.Test/Readarr.Update.Test.csproj : error NU1902: Warning As Error: Package 'System.IdentityModel.Tokens.Jwt' 6.8.0 has a known moderate severity vulnerability, https://github.com/advisories/GHSA-59j7-ghrg-fj52 [/opt/bookdarr-dev/src/Readarr.sln]
/opt/bookdarr-dev/src/NzbDrone.Test.Common/Readarr.Test.Common.csproj : error NU1902: Warning As Error: Package 'System.IdentityModel.Tokens.Jwt' 6.8.0 has a known moderate severity vulnerability, https://github.com/advisories/GHSA-59j7-ghrg-fj52 [/opt/bookdarr-dev/src/Readarr.sln]
  Restored /opt/bookdarr-dev/src/NzbDrone.Test.Dummy/Readarr.Test.Dummy.csproj (in 3.45 sec).
  Restored /opt/bookdarr-dev/src/NzbDrone.Update/Readarr.Update.csproj (in 3.47 sec).
/opt/bookdarr-dev/src/NzbDrone.SignalR/Readarr.SignalR.csproj : error NU1902: Warning As Error: Package 'Microsoft.IdentityModel.JsonWebTokens' 6.8.0 has a known moderate severity vulnerability, https://github.com/advisories/GHSA-59j7-ghrg-fj52 [/opt/bookdarr-dev/src/Readarr.sln]
/opt/bookdarr-dev/src/NzbDrone.SignalR/Readarr.SignalR.csproj : error NU1902: Warning As Error: Package 'System.IdentityModel.Tokens.Jwt' 6.8.0 has a known moderate severity vulnerability, https://github.com/advisories/GHSA-59j7-ghrg-fj52 [/opt/bookdarr-dev/src/Readarr.sln]
  Restored /opt/bookdarr-dev/src/NzbDrone.Mono/Readarr.Mono.csproj (in 28 ms).
/opt/bookdarr-dev/src/NzbDrone.Mono.Test/Readarr.Mono.Test.csproj : error NU1902: Warning As Error: Package 'Microsoft.IdentityModel.JsonWebTokens' 6.8.0 has a known moderate severity vulnerability, https://github.com/advisories/GHSA-59j7-ghrg-fj52 [/opt/bookdarr-dev/src/Readarr.sln]
/opt/bookdarr-dev/src/NzbDrone.Mono.Test/Readarr.Mono.Test.csproj : error NU1902: Warning As Error: Package 'System.IdentityModel.Tokens.Jwt' 6.8.0 has a known moderate severity vulnerability, https://github.com/advisories/GHSA-59j7-ghrg-fj52 [/opt/bookdarr-dev/src/Readarr.sln]
  Failed to restore /opt/bookdarr-dev/src/NzbDrone.Test.Common/Readarr.Test.Common.csproj (in 3.54 sec).
  Failed to restore /opt/bookdarr-dev/src/NzbDrone.SignalR/Readarr.SignalR.csproj (in 60 ms).
  Failed to restore /opt/bookdarr-dev/src/NzbDrone.Update.Test/Readarr.Update.Test.csproj (in 3.55 sec).
/opt/bookdarr-dev/src/Readarr.Api.V1/Readarr.Api.V1.csproj : error NU1902: Warning As Error: Package 'Microsoft.IdentityModel.JsonWebTokens' 6.8.0 has a known moderate severity vulnerability, https://github.com/advisories/GHSA-59j7-ghrg-fj52 [/opt/bookdarr-dev/src/Readarr.sln]
/opt/bookdarr-dev/src/Readarr.Api.V1/Readarr.Api.V1.csproj : error NU1902: Warning As Error: Package 'System.IdentityModel.Tokens.Jwt' 6.8.0 has a known moderate severity vulnerability, https://github.com/advisories/GHSA-59j7-ghrg-fj52 [/opt/bookdarr-dev/src/Readarr.sln]
/opt/bookdarr-dev/src/NzbDrone.Libraries.Test/Readarr.Libraries.Test.csproj : error NU1902: Warning As Error: Package 'Microsoft.IdentityModel.JsonWebTokens' 6.8.0 has a known moderate severity vulnerability, https://github.com/advisories/GHSA-59j7-ghrg-fj52 [/opt/bookdarr-dev/src/Readarr.sln]
/opt/bookdarr-dev/src/NzbDrone.Libraries.Test/Readarr.Libraries.Test.csproj : error NU1902: Warning As Error: Package 'System.IdentityModel.Tokens.Jwt' 6.8.0 has a known moderate severity vulnerability, https://github.com/advisories/GHSA-59j7-ghrg-fj52 [/opt/bookdarr-dev/src/Readarr.sln]
/opt/bookdarr-dev/src/Readarr.Http/Readarr.Http.csproj : error NU1902: Warning As Error: Package 'Microsoft.IdentityModel.JsonWebTokens' 6.8.0 has a known moderate severity vulnerability, https://github.com/advisories/GHSA-59j7-ghrg-fj52 [/opt/bookdarr-dev/src/Readarr.sln]
/opt/bookdarr-dev/src/Readarr.Http/Readarr.Http.csproj : error NU1902: Warning As Error: Package 'System.IdentityModel.Tokens.Jwt' 6.8.0 has a known moderate severity vulnerability, https://github.com/advisories/GHSA-59j7-ghrg-fj52 [/opt/bookdarr-dev/src/Readarr.sln]
  Failed to restore /opt/bookdarr-dev/src/NzbDrone.Mono.Test/Readarr.Mono.Test.csproj (in 156 ms).
  Failed to restore /opt/bookdarr-dev/src/Readarr.Http/Readarr.Http.csproj (in 108 ms).
  Failed to restore /opt/bookdarr-dev/src/Readarr.Api.V1/Readarr.Api.V1.csproj (in 114 ms).
  Failed to restore /opt/bookdarr-dev/src/NzbDrone.Libraries.Test/Readarr.Libraries.Test.csproj (in 116 ms).
/opt/bookdarr-dev/src/NzbDrone.Common/Readarr.Common.csproj : error NU1510: Warning As Error: PackageReference System.Text.Json will not be pruned. Consider removing this package from your dependencies, as it is likely unnecessary. [/opt/bookdarr-dev/src/Readarr.sln]
/opt/bookdarr-dev/src/NzbDrone.Common/Readarr.Common.csproj : error NU1510: Warning As Error: PackageReference System.Runtime.Loader will not be pruned. Consider removing this package from your dependencies, as it is likely unnecessary. [/opt/bookdarr-dev/src/Readarr.sln]
/opt/bookdarr-dev/src/NzbDrone.Automation.Test/Readarr.Automation.Test.csproj : error NU1902: Warning As Error: Package 'Microsoft.IdentityModel.JsonWebTokens' 6.8.0 has a known moderate severity vulnerability, https://github.com/advisories/GHSA-59j7-ghrg-fj52 [/opt/bookdarr-dev/src/Readarr.sln]
/opt/bookdarr-dev/src/NzbDrone.Automation.Test/Readarr.Automation.Test.csproj : error NU1902: Warning As Error: Package 'System.IdentityModel.Tokens.Jwt' 6.8.0 has a known moderate severity vulnerability, https://github.com/advisories/GHSA-59j7-ghrg-fj52 [/opt/bookdarr-dev/src/Readarr.sln]
  Failed to restore /opt/bookdarr-dev/src/NzbDrone.Common/Readarr.Common.csproj (in 62 ms).
/opt/bookdarr-dev/src/NzbDrone.Console/Readarr.Console.csproj : error NU1902: Warning As Error: Package 'Microsoft.IdentityModel.JsonWebTokens' 6.8.0 has a known moderate severity vulnerability, https://github.com/advisories/GHSA-59j7-ghrg-fj52 [/opt/bookdarr-dev/src/Readarr.sln]
/opt/bookdarr-dev/src/NzbDrone.Console/Readarr.Console.csproj : error NU1902: Warning As Error: Package 'System.IdentityModel.Tokens.Jwt' 6.8.0 has a known moderate severity vulnerability, https://github.com/advisories/GHSA-59j7-ghrg-fj52 [/opt/bookdarr-dev/src/Readarr.sln]
/opt/bookdarr-dev/src/NzbDrone.Common.Test/Readarr.Common.Test.csproj : error NU1902: Warning As Error: Package 'Microsoft.IdentityModel.JsonWebTokens' 6.8.0 has a known moderate severity vulnerability, https://github.com/advisories/GHSA-59j7-ghrg-fj52 [/opt/bookdarr-dev/src/Readarr.sln]
/opt/bookdarr-dev/src/NzbDrone.Common.Test/Readarr.Common.Test.csproj : error NU1902: Warning As Error: Package 'System.IdentityModel.Tokens.Jwt' 6.8.0 has a known moderate severity vulnerability, https://github.com/advisories/GHSA-59j7-ghrg-fj52 [/opt/bookdarr-dev/src/Readarr.sln]
  Failed to restore /opt/bookdarr-dev/src/NzbDrone.Automation.Test/Readarr.Automation.Test.csproj (in 100 ms).
/opt/bookdarr-dev/src/NzbDrone.Api.Test/Readarr.Api.Test.csproj : error NU1902: Warning As Error: Package 'Microsoft.IdentityModel.JsonWebTokens' 6.8.0 has a known moderate severity vulnerability, https://github.com/advisories/GHSA-59j7-ghrg-fj52 [/opt/bookdarr-dev/src/Readarr.sln]
/opt/bookdarr-dev/src/NzbDrone.Api.Test/Readarr.Api.Test.csproj : error NU1902: Warning As Error: Package 'System.IdentityModel.Tokens.Jwt' 6.8.0 has a known moderate severity vulnerability, https://github.com/advisories/GHSA-59j7-ghrg-fj52 [/opt/bookdarr-dev/src/Readarr.sln]
  Failed to restore /opt/bookdarr-dev/src/NzbDrone.Console/Readarr.Console.csproj (in 122 ms).
/opt/bookdarr-dev/src/NzbDrone.Host/Readarr.Host.csproj : error NU1510: Warning As Error: PackageReference System.Text.Encoding.CodePages will not be pruned. Consider removing this package from your dependencies, as it is likely unnecessary. [/opt/bookdarr-dev/src/Readarr.sln]
  Failed to restore /opt/bookdarr-dev/src/NzbDrone.Common.Test/Readarr.Common.Test.csproj (in 128 ms).
/opt/bookdarr-dev/src/NzbDrone.Integration.Test/Readarr.Integration.Test.csproj : error NU1902: Warning As Error: Package 'Microsoft.IdentityModel.JsonWebTokens' 6.8.0 has a known moderate severity vulnerability, https://github.com/advisories/GHSA-59j7-ghrg-fj52 [/opt/bookdarr-dev/src/Readarr.sln]
/opt/bookdarr-dev/src/NzbDrone.Integration.Test/Readarr.Integration.Test.csproj : error NU1902: Warning As Error: Package 'System.IdentityModel.Tokens.Jwt' 6.8.0 has a known moderate severity vulnerability, https://github.com/advisories/GHSA-59j7-ghrg-fj52 [/opt/bookdarr-dev/src/Readarr.sln]
/opt/bookdarr-dev/src/NzbDrone.Host/Readarr.Host.csproj : error NU1902: Warning As Error: Package 'Microsoft.IdentityModel.JsonWebTokens' 6.8.0 has a known moderate severity vulnerability, https://github.com/advisories/GHSA-59j7-ghrg-fj52 [/opt/bookdarr-dev/src/Readarr.sln]
/opt/bookdarr-dev/src/NzbDrone.Host/Readarr.Host.csproj : error NU1902: Warning As Error: Package 'System.IdentityModel.Tokens.Jwt' 6.8.0 has a known moderate severity vulnerability, https://github.com/advisories/GHSA-59j7-ghrg-fj52 [/opt/bookdarr-dev/src/Readarr.sln]
  Failed to restore /opt/bookdarr-dev/src/NzbDrone.Api.Test/Readarr.Api.Test.csproj (in 102 ms).
/opt/bookdarr-dev/src/NzbDrone.Host.Test/Readarr.Host.Test.csproj : error NU1902: Warning As Error: Package 'Microsoft.IdentityModel.JsonWebTokens' 6.8.0 has a known moderate severity vulnerability, https://github.com/advisories/GHSA-59j7-ghrg-fj52 [/opt/bookdarr-dev/src/Readarr.sln]
/opt/bookdarr-dev/src/NzbDrone.Host.Test/Readarr.Host.Test.csproj : error NU1902: Warning As Error: Package 'System.IdentityModel.Tokens.Jwt' 6.8.0 has a known moderate severity vulnerability, https://github.com/advisories/GHSA-59j7-ghrg-fj52 [/opt/bookdarr-dev/src/Readarr.sln]
/opt/bookdarr-dev/src/NzbDrone.Core/Readarr.Core.csproj : error NU1510: Warning As Error: PackageReference System.Text.Json will not be pruned. Consider removing this package from your dependencies, as it is likely unnecessary. [/opt/bookdarr-dev/src/Readarr.sln]
/opt/bookdarr-dev/src/NzbDrone.Core/Readarr.Core.csproj : error NU1510: Warning As Error: PackageReference System.Text.Encoding.CodePages will not be pruned. Consider removing this package from your dependencies, as it is likely unnecessary. [/opt/bookdarr-dev/src/Readarr.sln]
/opt/bookdarr-dev/src/NzbDrone.Core/Readarr.Core.csproj : error NU1510: Warning As Error: PackageReference System.Memory will not be pruned. Consider removing this package from your dependencies, as it is likely unnecessary. [/opt/bookdarr-dev/src/Readarr.sln]
/opt/bookdarr-dev/src/NzbDrone.Core/Readarr.Core.csproj : error NU1902: Warning As Error: Package 'Microsoft.IdentityModel.JsonWebTokens' 6.8.0 has a known moderate severity vulnerability, https://github.com/advisories/GHSA-59j7-ghrg-fj52 [/opt/bookdarr-dev/src/Readarr.sln]
/opt/bookdarr-dev/src/NzbDrone.Core/Readarr.Core.csproj : error NU1902: Warning As Error: Package 'System.IdentityModel.Tokens.Jwt' 6.8.0 has a known moderate severity vulnerability, https://github.com/advisories/GHSA-59j7-ghrg-fj52 [/opt/bookdarr-dev/src/Readarr.sln]
  Failed to restore /opt/bookdarr-dev/src/NzbDrone.Host/Readarr.Host.csproj (in 100 ms).
  Failed to restore /opt/bookdarr-dev/src/NzbDrone.Integration.Test/Readarr.Integration.Test.csproj (in 113 ms).
/opt/bookdarr-dev/src/NzbDrone.Core.Test/Readarr.Core.Test.csproj : error NU1510: Warning As Error: PackageReference System.Buffers will not be pruned. Consider removing this package from your dependencies, as it is likely unnecessary. [/opt/bookdarr-dev/src/Readarr.sln]
/opt/bookdarr-dev/src/NzbDrone.Core.Test/Readarr.Core.Test.csproj : error NU1902: Warning As Error: Package 'Microsoft.IdentityModel.JsonWebTokens' 6.8.0 has a known moderate severity vulnerability, https://github.com/advisories/GHSA-59j7-ghrg-fj52 [/opt/bookdarr-dev/src/Readarr.sln]
/opt/bookdarr-dev/src/NzbDrone.Core.Test/Readarr.Core.Test.csproj : error NU1902: Warning As Error: Package 'System.IdentityModel.Tokens.Jwt' 6.8.0 has a known moderate severity vulnerability, https://github.com/advisories/GHSA-59j7-ghrg-fj52 [/opt/bookdarr-dev/src/Readarr.sln]
  Failed to restore /opt/bookdarr-dev/src/NzbDrone.Host.Test/Readarr.Host.Test.csproj (in 111 ms).
  Failed to restore /opt/bookdarr-dev/src/NzbDrone.Core/Readarr.Core.csproj (in 89 ms).
  Failed to restore /opt/bookdarr-dev/src/NzbDrone.Core.Test/Readarr.Core.Test.csproj (in 83 ms).
